mode: set
github.com/gemalto/helm-spray/v4/main.go:8.13,10.42 2 0
github.com/gemalto/helm-spray/v4/main.go:10.42,12.3 1 0
github.com/gemalto/helm-spray/v4/cmd/root.go:75.34,84.55 2 0
github.com/gemalto/helm-spray/v4/cmd/root.go:84.55,86.4 1 0
github.com/gemalto/helm-spray/v4/cmd/root.go:89.2,110.12 20 0
github.com/gemalto/helm-spray/v4/cmd/root.go:114.51,115.43 1 0
github.com/gemalto/helm-spray/v4/cmd/root.go:115.43,117.3 1 0
github.com/gemalto/helm-spray/v4/cmd/root.go:118.2,120.47 2 0
github.com/gemalto/helm-spray/v4/cmd/root.go:120.47,122.3 1 0
github.com/gemalto/helm-spray/v4/cmd/root.go:124.2,124.69 1 0
github.com/gemalto/helm-spray/v4/cmd/root.go:124.69,126.3 1 0
github.com/gemalto/helm-spray/v4/cmd/root.go:128.2,128.47 1 0
github.com/gemalto/helm-spray/v4/cmd/root.go:128.47,130.3 1 0
github.com/gemalto/helm-spray/v4/cmd/root.go:132.2,132.40 1 0
github.com/gemalto/helm-spray/v4/cmd/root.go:132.40,134.3 1 0
github.com/gemalto/helm-spray/v4/cmd/root.go:136.2,136.18 1 0
github.com/gemalto/helm-spray/v4/cmd/root.go:139.40,140.20 1 0
github.com/gemalto/helm-spray/v4/cmd/root.go:140.20,142.3 1 0
github.com/gemalto/helm-spray/v4/cmd/root.go:142.8,142.26 1 0
github.com/gemalto/helm-spray/v4/cmd/root.go:142.26,144.3 1 0
github.com/gemalto/helm-spray/v4/cmd/root.go:145.2,145.12 1 0
github.com/gemalto/helm-spray/v4/cmd/root.go:148.52,149.26 1 0
github.com/gemalto/helm-spray/v4/cmd/root.go:149.26,151.3 1 0
github.com/gemalto/helm-spray/v4/cmd/root.go:152.2,152.43 1 0
github.com/gemalto/helm-spray/v4/cmd/root.go:152.43,154.3 1 0
github.com/gemalto/helm-spray/v4/cmd/root.go:155.2,155.48 1 0
github.com/gemalto/helm-spray/v4/cmd/root.go:155.48,157.3 1 0
github.com/gemalto/helm-spray/v4/cmd/root.go:158.2,158.93 1 0
github.com/gemalto/helm-spray/v4/cmd/root.go:158.93,160.3 1 0
github.com/gemalto/helm-spray/v4/cmd/root.go:161.2,161.12 1 0
github.com/gemalto/helm-spray/v4/cmd/root.go:165.45,167.137 1 0
github.com/gemalto/helm-spray/v4/cmd/root.go:167.137,168.27 1 0
github.com/gemalto/helm-spray/v4/cmd/root.go:168.27,170.4 1 0
github.com/gemalto/helm-spray/v4/cmd/root.go:170.9,172.4 1 0
github.com/gemalto/helm-spray/v4/cmd/root.go:173.3,174.17 2 0
github.com/gemalto/helm-spray/v4/cmd/root.go:174.17,176.4 1 0
github.com/gemalto/helm-spray/v4/cmd/root.go:177.3,177.33 1 0
github.com/gemalto/helm-spray/v4/cmd/root.go:178.8,178.55 1 0
github.com/gemalto/helm-spray/v4/cmd/root.go:178.55,180.27 1 0
github.com/gemalto/helm-spray/v4/cmd/root.go:180.27,182.4 1 0
github.com/gemalto/helm-spray/v4/cmd/root.go:182.9,184.4 1 0
github.com/gemalto/helm-spray/v4/cmd/root.go:185.3,186.17 2 0
github.com/gemalto/helm-spray/v4/cmd/root.go:186.17,188.4 1 0
github.com/gemalto/helm-spray/v4/cmd/root.go:189.3,189.33 1 0
github.com/gemalto/helm-spray/v4/cmd/root.go:190.8,192.3 1 0
github.com/gemalto/helm-spray/v4/cmd/root.go:193.2,193.12 1 0
github.com/gemalto/helm-spray/v4/cmd/root.go:197.39,200.100 2 0
github.com/gemalto/helm-spray/v4/cmd/root.go:200.100,202.3 1 0
github.com/gemalto/helm-spray/v4/cmd/root.go:203.2,203.13 1 0
github.com/gemalto/helm-spray/v4/cmd/root.go:203.13,205.3 1 0
github.com/gemalto/helm-spray/v4/cmd/root.go:208.2,209.24 2 0
github.com/gemalto/helm-spray/v4/cmd/root.go:209.24,211.3 1 0
github.com/gemalto/helm-spray/v4/cmd/root.go:211.8,213.3 1 0
github.com/gemalto/helm-spray/v4/internal/dependencies/dependencies.go:25.151,31.50 3 0
github.com/gemalto/helm-spray/v4/internal/dependencies/dependencies.go:31.50,35.22 3 0
github.com/gemalto/helm-spray/v4/internal/dependencies/dependencies.go:35.22,37.4 1 0
github.com/gemalto/helm-spray/v4/internal/dependencies/dependencies.go:37.9,39.4 1 0
github.com/gemalto/helm-spray/v4/internal/dependencies/dependencies.go:41.3,45.17 4 0
github.com/gemalto/helm-spray/v4/internal/dependencies/dependencies.go:45.17,47.4 1 0
github.com/gemalto/helm-spray/v4/internal/dependencies/dependencies.go:48.3,52.49 3 0
github.com/gemalto/helm-spray/v4/internal/dependencies/dependencies.go:52.49,53.54 1 0
github.com/gemalto/helm-spray/v4/internal/dependencies/dependencies.go:53.54,55.10 2 0
github.com/gemalto/helm-spray/v4/internal/dependencies/dependencies.go:59.2,59.26 1 0
github.com/gemalto/helm-spray/v4/internal/dependencies/dependencies.go:65.81,66.22 1 0
github.com/gemalto/helm-spray/v4/internal/dependencies/dependencies.go:66.22,67.26 1 0
github.com/gemalto/helm-spray/v4/internal/dependencies/dependencies.go:67.26,68.30 1 0
github.com/gemalto/helm-spray/v4/internal/dependencies/dependencies.go:68.30,70.5 1 0
github.com/gemalto/helm-spray/v4/internal/dependencies/dependencies.go:72.3,72.15 1 0
github.com/gemalto/helm-spray/v4/internal/dependencies/dependencies.go:74.2,74.23 1 0
github.com/gemalto/helm-spray/v4/internal/dependencies/dependencies.go:74.23,75.27 1 0
github.com/gemalto/helm-spray/v4/internal/dependencies/dependencies.go:75.27,76.31 1 0
github.com/gemalto/helm-spray/v4/internal/dependencies/dependencies.go:76.31,78.5 1 0
github.com/gemalto/helm-spray/v4/internal/dependencies/dependencies.go:80.3,80.14 1 0
github.com/gemalto/helm-spray/v4/internal/dependencies/dependencies.go:82.2,82.13 1 0
github.com/gemalto/helm-spray/v4/internal/dependencies/dependencies.go:86.111,87.23 1 0
github.com/gemalto/helm-spray/v4/internal/dependencies/dependencies.go:87.23,89.3 1 0
github.com/gemalto/helm-spray/v4/internal/dependencies/dependencies.go:90.2,90.30 1 0
github.com/gemalto/helm-spray/v4/internal/dependencies/dependencies.go:90.30,91.34 1 0
github.com/gemalto/helm-spray/v4/internal/dependencies/dependencies.go:91.34,92.29 1 0
github.com/gemalto/helm-spray/v4/internal/dependencies/dependencies.go:92.29,94.5 1 0
github.com/gemalto/helm-spray/v4/internal/dependencies/dependencies.go:97.2,97.20 1 0
github.com/gemalto/helm-spray/v4/internal/dependencies/dependencies.go:101.76,103.16 2 0
github.com/gemalto/helm-spray/v4/internal/dependencies/dependencies.go:103.16,105.3 1 0
github.com/gemalto/helm-spray/v4/internal/dependencies/dependencies.go:107.2,109.58 2 0
github.com/gemalto/helm-spray/v4/internal/dependencies/dependencies.go:109.58,111.17 2 0
github.com/gemalto/helm-spray/v4/internal/dependencies/dependencies.go:111.17,113.4 1 0
github.com/gemalto/helm-spray/v4/internal/dependencies/dependencies.go:114.3,114.25 1 0
github.com/gemalto/helm-spray/v4/internal/dependencies/dependencies.go:116.8,116.61 1 0
github.com/gemalto/helm-spray/v4/internal/dependencies/dependencies.go:116.61,119.3 1 0
github.com/gemalto/helm-spray/v4/internal/dependencies/dependencies.go:119.8,121.3 1 0
github.com/gemalto/helm-spray/v4/internal/dependencies/dependencies.go:123.2,123.23 1 0
github.com/gemalto/helm-spray/v4/internal/dependencies/dependencies.go:123.23,125.3 1 0
github.com/gemalto/helm-spray/v4/internal/dependencies/dependencies.go:126.2,126.27 1 0
github.com/gemalto/helm-spray/v4/internal/dependencies/dependencies.go:129.74,132.13 1 0
github.com/gemalto/helm-spray/v4/internal/dependencies/dependencies.go:132.13,134.3 1 0
github.com/gemalto/helm-spray/v4/internal/dependencies/dependencies.go:135.2,137.16 3 0
github.com/gemalto/helm-spray/v4/internal/dependencies/dependencies.go:137.16,139.3 1 0
github.com/gemalto/helm-spray/v4/internal/dependencies/dependencies.go:140.2,140.13 1 0
github.com/gemalto/helm-spray/v4/internal/dependencies/dependencies.go:140.13,141.34 1 0
github.com/gemalto/helm-spray/v4/internal/dependencies/dependencies.go:141.34,143.4 1 0
github.com/gemalto/helm-spray/v4/internal/dependencies/dependencies.go:145.2,145.21 1 0
github.com/gemalto/helm-spray/v4/internal/log/log.go:12.57,15.16 2 1
github.com/gemalto/helm-spray/v4/internal/log/log.go:15.16,17.3 1 1
github.com/gemalto/helm-spray/v4/internal/log/log.go:17.8,17.23 1 1
github.com/gemalto/helm-spray/v4/internal/log/log.go:17.23,19.3 1 1
github.com/gemalto/helm-spray/v4/internal/log/log.go:19.8,19.23 1 1
github.com/gemalto/helm-spray/v4/internal/log/log.go:19.23,21.3 1 1
github.com/gemalto/helm-spray/v4/internal/log/log.go:21.8,21.23 1 1
github.com/gemalto/helm-spray/v4/internal/log/log.go:21.23,23.3 1 1
github.com/gemalto/helm-spray/v4/internal/log/log.go:25.2,25.22 1 1
github.com/gemalto/helm-spray/v4/internal/log/log.go:25.22,27.3 1 1
github.com/gemalto/helm-spray/v4/internal/log/log.go:27.8,29.3 1 1
github.com/gemalto/helm-spray/v4/internal/log/log.go:32.70,35.51 2 1
github.com/gemalto/helm-spray/v4/internal/log/log.go:35.51,37.3 1 1
github.com/gemalto/helm-spray/v4/internal/log/log.go:40.2,41.25 2 1
github.com/gemalto/helm-spray/v4/internal/log/log.go:41.25,44.3 2 1
github.com/gemalto/helm-spray/v4/internal/log/log.go:45.2,50.21 4 1
github.com/gemalto/helm-spray/v4/internal/log/log.go:50.21,53.3 2 1
github.com/gemalto/helm-spray/v4/internal/log/log.go:57.47,58.22 1 1
github.com/gemalto/helm-spray/v4/internal/log/log.go:58.22,60.3 1 1
github.com/gemalto/helm-spray/v4/internal/log/log.go:60.8,62.3 1 1
github.com/gemalto/helm-spray/v4/internal/values/values.go:20.125,27.26 4 0
github.com/gemalto/helm-spray/v4/internal/values/values.go:27.26,29.17 2 0
github.com/gemalto/helm-spray/v4/internal/values/values.go:29.17,31.4 1 0
github.com/gemalto/helm-spray/v4/internal/values/values.go:32.3,33.17 2 0
github.com/gemalto/helm-spray/v4/internal/values/values.go:33.17,35.4 1 0
github.com/gemalto/helm-spray/v4/internal/values/values.go:37.3,38.17 2 0
github.com/gemalto/helm-spray/v4/internal/values/values.go:38.17,39.15 1 0
github.com/gemalto/helm-spray/v4/internal/values/values.go:39.15,41.5 1 0
github.com/gemalto/helm-spray/v4/internal/values/values.go:42.4,42.85 1 0
github.com/gemalto/helm-spray/v4/internal/values/values.go:44.8,46.17 2 0
github.com/gemalto/helm-spray/v4/internal/values/values.go:46.17,48.4 1 0
github.com/gemalto/helm-spray/v4/internal/values/values.go:51.2,52.16 2 0
github.com/gemalto/helm-spray/v4/internal/values/values.go:52.16,54.3 1 0
github.com/gemalto/helm-spray/v4/internal/values/values.go:56.2,56.80 1 0
github.com/gemalto/helm-spray/v4/internal/values/values.go:71.83,81.30 3 0
github.com/gemalto/helm-spray/v4/internal/values/values.go:81.30,82.41 1 0
github.com/gemalto/helm-spray/v4/internal/values/values.go:82.41,84.4 1 0
github.com/gemalto/helm-spray/v4/internal/values/values.go:87.2,87.13 1 0
github.com/gemalto/helm-spray/v4/internal/values/values.go:87.13,89.3 1 0
github.com/gemalto/helm-spray/v4/internal/values/values.go:91.2,91.92 1 0
github.com/gemalto/helm-spray/v4/internal/values/values.go:91.92,96.17 4 0
github.com/gemalto/helm-spray/v4/internal/values/values.go:96.17,98.4 1 0
github.com/gemalto/helm-spray/v4/internal/values/values.go:101.2,101.25 1 0
github.com/gemalto/helm-spray/v4/internal/values/values.go:106.151,107.6 1 0
github.com/gemalto/helm-spray/v4/internal/values/values.go:107.6,109.22 2 0
github.com/gemalto/helm-spray/v4/internal/values/values.go:109.22,110.9 1 0
github.com/gemalto/helm-spray/v4/internal/values/values.go:113.3,117.33 3 0
github.com/gemalto/helm-spray/v4/internal/values/values.go:117.33,119.72 1 0
github.com/gemalto/helm-spray/v4/internal/values/values.go:119.72,120.13 1 0
github.com/gemalto/helm-spray/v4/internal/values/values.go:122.4,122.15 1 0
github.com/gemalto/helm-spray/v4/internal/values/values.go:122.15,124.5 1 0
github.com/gemalto/helm-spray/v4/internal/values/values.go:126.4,127.18 2 0
github.com/gemalto/helm-spray/v4/internal/values/values.go:127.18,129.5 1 0
github.com/gemalto/helm-spray/v4/internal/values/values.go:131.4,132.18 2 0
github.com/gemalto/helm-spray/v4/internal/values/values.go:132.18,134.5 1 0
github.com/gemalto/helm-spray/v4/internal/values/values.go:135.4,135.19 1 0
github.com/gemalto/helm-spray/v4/internal/values/values.go:138.3,138.16 1 0
github.com/gemalto/helm-spray/v4/internal/values/values.go:138.16,140.4 1 0
github.com/gemalto/helm-spray/v4/internal/values/values.go:142.2,142.25 1 0
github.com/gemalto/helm-spray/v4/internal/values/values.go:146.121,147.27 1 0
github.com/gemalto/helm-spray/v4/internal/values/values.go:147.27,152.3 4 0
github.com/gemalto/helm-spray/v4/internal/values/values.go:152.8,152.34 1 0
github.com/gemalto/helm-spray/v4/internal/values/values.go:152.34,157.3 4 0
github.com/gemalto/helm-spray/v4/internal/values/values.go:158.2,158.57 1 0
github.com/gemalto/helm-spray/v4/internal/values/values.go:162.72,163.24 1 0
github.com/gemalto/helm-spray/v4/internal/values/values.go:163.24,164.19 1 0
github.com/gemalto/helm-spray/v4/internal/values/values.go:164.19,166.4 1 0
github.com/gemalto/helm-spray/v4/internal/values/values.go:166.9,168.4 1 0
github.com/gemalto/helm-spray/v4/internal/values/values.go:169.8,170.19 1 0
github.com/gemalto/helm-spray/v4/internal/values/values.go:170.19,172.4 1 0
github.com/gemalto/helm-spray/v4/internal/values/values.go:172.9,174.4 1 0
github.com/gemalto/helm-spray/v4/internal/values/values.go:180.96,182.24 2 0
github.com/gemalto/helm-spray/v4/internal/values/values.go:182.24,184.3 1 0
github.com/gemalto/helm-spray/v4/internal/values/values.go:186.2,187.16 2 0
github.com/gemalto/helm-spray/v4/internal/values/values.go:187.16,189.3 1 0
github.com/gemalto/helm-spray/v4/internal/values/values.go:192.2,193.21 2 0
github.com/gemalto/helm-spray/v4/internal/values/values.go:193.21,195.17 2 0
github.com/gemalto/helm-spray/v4/internal/values/values.go:195.17,197.4 1 0
github.com/gemalto/helm-spray/v4/internal/values/values.go:198.3,198.23 1 0
github.com/gemalto/helm-spray/v4/internal/values/values.go:202.2,202.60 1 0
github.com/gemalto/helm-spray/v4/internal/values/values.go:202.60,203.32 1 0
github.com/gemalto/helm-spray/v4/internal/values/values.go:203.32,205.4 1 0
github.com/gemalto/helm-spray/v4/internal/values/values.go:206.3,206.130 1 0
github.com/gemalto/helm-spray/v4/internal/values/values.go:208.2,208.129 1 0
github.com/gemalto/helm-spray/v4/internal/values/values.go:212.85,213.18 1 0
github.com/gemalto/helm-spray/v4/internal/values/values.go:213.18,215.3 1 0
github.com/gemalto/helm-spray/v4/internal/values/values.go:216.2,217.16 2 0
github.com/gemalto/helm-spray/v4/internal/values/values.go:217.16,219.3 1 0
github.com/gemalto/helm-spray/v4/internal/values/values.go:220.2,221.109 2 0
github.com/gemalto/helm-spray/v4/internal/values/values.go:224.68,226.22 2 0
github.com/gemalto/helm-spray/v4/internal/values/values.go:226.22,228.3 1 0
github.com/gemalto/helm-spray/v4/internal/values/values.go:229.2,229.22 1 0
github.com/gemalto/helm-spray/v4/internal/values/values.go:229.22,230.46 1 0
github.com/gemalto/helm-spray/v4/internal/values/values.go:230.46,231.28 1 0
github.com/gemalto/helm-spray/v4/internal/values/values.go:231.28,232.50 1 0
github.com/gemalto/helm-spray/v4/internal/values/values.go:232.50,234.14 2 0
github.com/gemalto/helm-spray/v4/internal/values/values.go:238.3,238.13 1 0
github.com/gemalto/helm-spray/v4/internal/values/values.go:240.2,240.12 1 0
github.com/gemalto/helm-spray/v4/pkg/helm/helm.go:48.80,53.11 2 0
github.com/gemalto/helm-spray/v4/pkg/helm/helm.go:53.11,55.3 1 0
github.com/gemalto/helm-spray/v4/pkg/helm/helm.go:56.2,62.11 7 0
github.com/gemalto/helm-spray/v4/pkg/helm/helm.go:62.11,64.3 1 0
github.com/gemalto/helm-spray/v4/pkg/helm/helm.go:65.2,65.16 1 0
github.com/gemalto/helm-spray/v4/pkg/helm/helm.go:65.16,67.3 1 0
github.com/gemalto/helm-spray/v4/pkg/helm/helm.go:69.2,71.16 3 0
github.com/gemalto/helm-spray/v4/pkg/helm/helm.go:71.16,73.3 1 0
github.com/gemalto/helm-spray/v4/pkg/helm/helm.go:76.2,77.29 2 0
github.com/gemalto/helm-spray/v4/pkg/helm/helm.go:77.29,79.3 1 0
github.com/gemalto/helm-spray/v4/pkg/helm/helm.go:80.2,80.25 1 0
github.com/gemalto/helm-spray/v4/pkg/helm/helm.go:103.70,106.35 2 0
github.com/gemalto/helm-spray/v4/pkg/helm/helm.go:106.35,109.3 2 0
github.com/gemalto/helm-spray/v4/pkg/helm/helm.go:110.2,110.41 1 0
github.com/gemalto/helm-spray/v4/pkg/helm/helm.go:110.41,113.3 2 0
github.com/gemalto/helm-spray/v4/pkg/helm/helm.go:114.2,114.39 1 0
github.com/gemalto/helm-spray/v4/pkg/helm/helm.go:114.39,117.3 2 0
github.com/gemalto/helm-spray/v4/pkg/helm/helm.go:118.2,118.36 1 0
github.com/gemalto/helm-spray/v4/pkg/helm/helm.go:118.36,121.3 2 0
github.com/gemalto/helm-spray/v4/pkg/helm/helm.go:122.2,122.22 1 0
github.com/gemalto/helm-spray/v4/pkg/helm/helm.go:122.22,124.3 1 0
github.com/gemalto/helm-spray/v4/pkg/helm/helm.go:125.2,125.22 1 0
github.com/gemalto/helm-spray/v4/pkg/helm/helm.go:125.22,127.3 1 0
github.com/gemalto/helm-spray/v4/pkg/helm/helm.go:128.2,128.16 1 0
github.com/gemalto/helm-spray/v4/pkg/helm/helm.go:128.16,130.3 1 0
github.com/gemalto/helm-spray/v4/pkg/helm/helm.go:131.2,131.17 1 0
github.com/gemalto/helm-spray/v4/pkg/helm/helm.go:131.17,133.3 1 0
github.com/gemalto/helm-spray/v4/pkg/helm/helm.go:134.2,134.26 1 0
github.com/gemalto/helm-spray/v4/pkg/helm/helm.go:134.26,136.3 1 0
github.com/gemalto/helm-spray/v4/pkg/helm/helm.go:139.2,139.16 1 0
github.com/gemalto/helm-spray/v4/pkg/helm/helm.go:139.16,141.3 1 0
github.com/gemalto/helm-spray/v4/pkg/helm/helm.go:142.2,148.16 7 0
github.com/gemalto/helm-spray/v4/pkg/helm/helm.go:148.16,150.3 1 0
github.com/gemalto/helm-spray/v4/pkg/helm/helm.go:151.2,151.16 1 0
github.com/gemalto/helm-spray/v4/pkg/helm/helm.go:151.16,153.3 1 0
github.com/gemalto/helm-spray/v4/pkg/helm/helm.go:155.2,157.16 3 0
github.com/gemalto/helm-spray/v4/pkg/helm/helm.go:157.16,159.3 1 0
github.com/gemalto/helm-spray/v4/pkg/helm/helm.go:161.2,161.29 1 0
github.com/gemalto/helm-spray/v4/pkg/helm/helm.go:165.58,167.16 2 0
github.com/gemalto/helm-spray/v4/pkg/helm/helm.go:167.16,169.3 1 0
github.com/gemalto/helm-spray/v4/pkg/helm/helm.go:170.2,175.19 4 0
github.com/gemalto/helm-spray/v4/pkg/helm/helm.go:175.19,177.3 1 0
github.com/gemalto/helm-spray/v4/pkg/helm/helm.go:178.2,181.34 4 0
github.com/gemalto/helm-spray/v4/pkg/helm/helm.go:181.34,183.3 1 0
github.com/gemalto/helm-spray/v4/pkg/helm/helm.go:185.2,187.31 3 0
github.com/gemalto/helm-spray/v4/pkg/helm/helm.go:187.31,191.3 3 0
github.com/gemalto/helm-spray/v4/pkg/helm/helm.go:191.8,195.3 3 0
github.com/gemalto/helm-spray/v4/pkg/helm/helm.go:196.2,199.34 4 0
github.com/gemalto/helm-spray/v4/pkg/helm/helm.go:199.34,201.3 1 0
github.com/gemalto/helm-spray/v4/pkg/helm/helm.go:203.2,206.23 4 0
github.com/gemalto/helm-spray/v4/pkg/helm/helm.go:209.36,210.46 1 0
github.com/gemalto/helm-spray/v4/pkg/helm/helm.go:210.46,212.3 1 0
github.com/gemalto/helm-spray/v4/pkg/helmspray/helmspray.go:49.31,51.13 1 0
github.com/gemalto/helm-spray/v4/pkg/helmspray/helmspray.go:51.13,53.3 1 0
github.com/gemalto/helm-spray/v4/pkg/helmspray/helmspray.go:55.2,59.16 3 0
github.com/gemalto/helm-spray/v4/pkg/helmspray/helmspray.go:59.16,61.3 1 0
github.com/gemalto/helm-spray/v4/pkg/helmspray/helmspray.go:63.2,64.16 2 0
github.com/gemalto/helm-spray/v4/pkg/helmspray/helmspray.go:64.16,66.3 1 0
github.com/gemalto/helm-spray/v4/pkg/helmspray/helmspray.go:67.2,67.41 1 0
github.com/gemalto/helm-spray/v4/pkg/helmspray/helmspray.go:67.41,71.17 2 0
github.com/gemalto/helm-spray/v4/pkg/helmspray/helmspray.go:71.17,73.4 1 0
github.com/gemalto/helm-spray/v4/pkg/helmspray/helmspray.go:74.3,74.18 1 0
github.com/gemalto/helm-spray/v4/pkg/helmspray/helmspray.go:77.2,79.16 3 0
github.com/gemalto/helm-spray/v4/pkg/helmspray/helmspray.go:79.16,81.3 1 0
github.com/gemalto/helm-spray/v4/pkg/helmspray/helmspray.go:84.2,84.28 1 0
github.com/gemalto/helm-spray/v4/pkg/helmspray/helmspray.go:84.28,86.3 1 0
github.com/gemalto/helm-spray/v4/pkg/helmspray/helmspray.go:86.8,88.3 1 0
github.com/gemalto/helm-spray/v4/pkg/helmspray/helmspray.go:90.2,91.16 2 0
github.com/gemalto/helm-spray/v4/pkg/helmspray/helmspray.go:91.16,93.3 1 0
github.com/gemalto/helm-spray/v4/pkg/helmspray/helmspray.go:95.2,95.15 1 0
github.com/gemalto/helm-spray/v4/pkg/helmspray/helmspray.go:95.15,97.3 1 0
github.com/gemalto/helm-spray/v4/pkg/helmspray/helmspray.go:99.2,100.16 2 0
github.com/gemalto/helm-spray/v4/pkg/helmspray/helmspray.go:100.16,102.3 1 0
github.com/gemalto/helm-spray/v4/pkg/helmspray/helmspray.go:104.2,104.56 1 0
github.com/gemalto/helm-spray/v4/pkg/helmspray/helmspray.go:104.56,106.3 1 0
github.com/gemalto/helm-spray/v4/pkg/helmspray/helmspray.go:108.2,110.12 2 0
github.com/gemalto/helm-spray/v4/pkg/helmspray/helmspray.go:116.88,118.16 2 0
github.com/gemalto/helm-spray/v4/pkg/helmspray/helmspray.go:118.16,120.3 1 0
github.com/gemalto/helm-spray/v4/pkg/helmspray/helmspray.go:121.2,122.16 2 0
github.com/gemalto/helm-spray/v4/pkg/helmspray/helmspray.go:122.16,125.3 2 0
github.com/gemalto/helm-spray/v4/pkg/helmspray/helmspray.go:126.2,126.20 1 0
github.com/gemalto/helm-spray/v4/pkg/helmspray/helmspray.go:126.20,129.3 2 0
github.com/gemalto/helm-spray/v4/pkg/helmspray/helmspray.go:130.2,130.77 1 0
github.com/gemalto/helm-spray/v4/pkg/helmspray/helmspray.go:130.77,133.3 2 0
github.com/gemalto/helm-spray/v4/pkg/helmspray/helmspray.go:134.2,134.40 1 0
github.com/gemalto/helm-spray/v4/pkg/helmspray/helmspray.go:134.40,137.3 2 0
github.com/gemalto/helm-spray/v4/pkg/helmspray/helmspray.go:138.2,140.21 3 0
github.com/gemalto/helm-spray/v4/pkg/helmspray/helmspray.go:143.47,144.59 1 0
github.com/gemalto/helm-spray/v4/pkg/helmspray/helmspray.go:144.59,146.3 1 0
github.com/gemalto/helm-spray/v4/pkg/helmspray/helmspray.go:146.8,146.38 1 0
github.com/gemalto/helm-spray/v4/pkg/helmspray/helmspray.go:146.38,148.3 1 0
github.com/gemalto/helm-spray/v4/pkg/helmspray/helmspray.go:149.2,149.11 1 0
github.com/gemalto/helm-spray/v4/pkg/helmspray/helmspray.go:153.104,154.40 1 0
github.com/gemalto/helm-spray/v4/pkg/helmspray/helmspray.go:154.40,156.17 2 0
github.com/gemalto/helm-spray/v4/pkg/helmspray/helmspray.go:156.17,158.4 1 0
github.com/gemalto/helm-spray/v4/pkg/helmspray/helmspray.go:160.3,160.30 1 0
github.com/gemalto/helm-spray/v4/pkg/helmspray/helmspray.go:160.30,161.34 1 0
github.com/gemalto/helm-spray/v4/pkg/helmspray/helmspray.go:161.34,163.5 1 0
github.com/gemalto/helm-spray/v4/pkg/helmspray/helmspray.go:166.2,166.12 1 0
github.com/gemalto/helm-spray/v4/pkg/helmspray/helmspray.go:169.124,173.34 3 0
github.com/gemalto/helm-spray/v4/pkg/helmspray/helmspray.go:173.34,174.57 1 0
github.com/gemalto/helm-spray/v4/pkg/helmspray/helmspray.go:174.57,175.12 1 0
github.com/gemalto/helm-spray/v4/pkg/helmspray/helmspray.go:177.3,177.41 1 0
github.com/gemalto/helm-spray/v4/pkg/helmspray/helmspray.go:177.41,178.12 1 0
github.com/gemalto/helm-spray/v4/pkg/helmspray/helmspray.go:180.3,180.20 1 0
github.com/gemalto/helm-spray/v4/pkg/helmspray/helmspray.go:180.20,186.4 5 0
github.com/gemalto/helm-spray/v4/pkg/helmspray/helmspray.go:188.3,189.73 2 0
github.com/gemalto/helm-spray/v4/pkg/helmspray/helmspray.go:189.73,191.4 1 0
github.com/gemalto/helm-spray/v4/pkg/helmspray/helmspray.go:193.2,193.24 1 0
github.com/gemalto/helm-spray/v4/pkg/helmspray/helmspray.go:197.143,198.70 1 0
github.com/gemalto/helm-spray/v4/pkg/helmspray/helmspray.go:198.70,201.3 2 0
github.com/gemalto/helm-spray/v4/pkg/helmspray/helmspray.go:201.8,203.3 1 0
github.com/gemalto/helm-spray/v4/pkg/helmspray/helmspray.go:206.2,228.16 5 0
github.com/gemalto/helm-spray/v4/pkg/helmspray/helmspray.go:228.16,230.3 1 0
github.com/gemalto/helm-spray/v4/pkg/helmspray/helmspray.go:232.2,234.15 2 0
github.com/gemalto/helm-spray/v4/pkg/helmspray/helmspray.go:234.15,236.3 1 0
github.com/gemalto/helm-spray/v4/pkg/helmspray/helmspray.go:237.2,237.63 1 0
github.com/gemalto/helm-spray/v4/pkg/helmspray/helmspray.go:237.63,239.3 1 0
github.com/gemalto/helm-spray/v4/pkg/helmspray/helmspray.go:241.2,243.15 2 0
github.com/gemalto/helm-spray/v4/pkg/helmspray/helmspray.go:243.15,245.3 1 0
github.com/gemalto/helm-spray/v4/pkg/helmspray/helmspray.go:246.2,246.12 1 0
github.com/gemalto/helm-spray/v4/pkg/helmspray/helmspray.go:250.99,252.27 2 0
github.com/gemalto/helm-spray/v4/pkg/helmspray/helmspray.go:252.27,253.42 1 0
github.com/gemalto/helm-spray/v4/pkg/helmspray/helmspray.go:253.42,255.4 1 0
github.com/gemalto/helm-spray/v4/pkg/helmspray/helmspray.go:255.9,257.4 1 0
github.com/gemalto/helm-spray/v4/pkg/helmspray/helmspray.go:259.2,259.21 1 0
github.com/gemalto/helm-spray/v4/pkg/helmspray/helmspray.go:264.60,266.54 2 0
github.com/gemalto/helm-spray/v4/pkg/helmspray/helmspray.go:266.54,268.34 2 0
github.com/gemalto/helm-spray/v4/pkg/helmspray/helmspray.go:268.34,270.4 1 0
github.com/gemalto/helm-spray/v4/pkg/helmspray/helmspray.go:271.3,272.9 2 0
github.com/gemalto/helm-spray/v4/pkg/helmspray/helmspray.go:272.9,274.4 1 0
github.com/gemalto/helm-spray/v4/pkg/helmspray/helmspray.go:275.3,276.9 2 0
github.com/gemalto/helm-spray/v4/pkg/helmspray/helmspray.go:276.9,278.4 1 0
github.com/gemalto/helm-spray/v4/pkg/helmspray/helmspray.go:279.3,280.9 2 0
github.com/gemalto/helm-spray/v4/pkg/helmspray/helmspray.go:280.9,282.4 1 0
github.com/gemalto/helm-spray/v4/pkg/helmspray/helmspray.go:284.2,284.21 1 0
github.com/gemalto/helm-spray/v4/pkg/helmspray/helmspray.go:288.61,289.27 1 0
github.com/gemalto/helm-spray/v4/pkg/helmspray/helmspray.go:289.27,291.14 2 0
github.com/gemalto/helm-spray/v4/pkg/helmspray/helmspray.go:291.14,293.4 1 0
github.com/gemalto/helm-spray/v4/pkg/helmspray/helmspray.go:295.2,295.28 1 0
github.com/gemalto/helm-spray/v4/pkg/helmspray/helmspray.go:295.28,297.3 1 0
github.com/gemalto/helm-spray/v4/pkg/helmspray/helmspray.go:298.2,298.29 1 0
github.com/gemalto/helm-spray/v4/pkg/helmspray/helmspray.go:298.29,300.3 1 0
github.com/gemalto/helm-spray/v4/pkg/helmspray/helmspray.go:301.2,301.21 1 0
github.com/gemalto/helm-spray/v4/pkg/helmspray/helmspray.go:301.21,303.3 1 0
github.com/gemalto/helm-spray/v4/pkg/helmspray/helmspray.go:306.30,315.29 6 0
github.com/gemalto/helm-spray/v4/pkg/helmspray/helmspray.go:315.29,318.17 3 0
github.com/gemalto/helm-spray/v4/pkg/helmspray/helmspray.go:318.17,320.4 1 0
github.com/gemalto/helm-spray/v4/pkg/helmspray/helmspray.go:321.3,322.17 2 0
github.com/gemalto/helm-spray/v4/pkg/helmspray/helmspray.go:322.17,324.4 1 0
github.com/gemalto/helm-spray/v4/pkg/helmspray/helmspray.go:325.3,326.17 2 0
github.com/gemalto/helm-spray/v4/pkg/helmspray/helmspray.go:326.17,328.4 1 0
github.com/gemalto/helm-spray/v4/pkg/helmspray/helmspray.go:329.3,329.54 1 0
github.com/gemalto/helm-spray/v4/pkg/helmspray/helmspray.go:329.54,330.9 1 0
github.com/gemalto/helm-spray/v4/pkg/helmspray/helmspray.go:332.3,333.20 2 0
github.com/gemalto/helm-spray/v4/pkg/helmspray/helmspray.go:336.2,336.56 1 0
github.com/gemalto/helm-spray/v4/pkg/helmspray/helmspray.go:336.56,338.3 1 0
github.com/gemalto/helm-spray/v4/pkg/helmspray/helmspray.go:340.2,340.12 1 0
github.com/gemalto/helm-spray/v4/pkg/helmspray/helmspray.go:345.133,346.29 1 0
github.com/gemalto/helm-spray/v4/pkg/helmspray/helmspray.go:346.29,348.3 1 0
github.com/gemalto/helm-spray/v4/pkg/helmspray/helmspray.go:349.2,349.15 1 0
github.com/gemalto/helm-spray/v4/pkg/helmspray/helmspray.go:349.15,351.3 1 0
github.com/gemalto/helm-spray/v4/pkg/helmspray/helmspray.go:352.2,353.16 2 0
github.com/gemalto/helm-spray/v4/pkg/helmspray/helmspray.go:353.16,355.3 1 0
github.com/gemalto/helm-spray/v4/pkg/helmspray/helmspray.go:356.2,356.19 1 0
github.com/gemalto/helm-spray/v4/pkg/helmspray/helmspray.go:360.56,361.19 1 0
github.com/gemalto/helm-spray/v4/pkg/helmspray/helmspray.go:361.19,363.3 1 0
github.com/gemalto/helm-spray/v4/pkg/helmspray/helmspray.go:364.2,364.33 1 0
github.com/gemalto/helm-spray/v4/pkg/helmspray/helmspray.go:364.33,365.25 1 0
github.com/gemalto/helm-spray/v4/pkg/helmspray/helmspray.go:365.25,367.4 1 0
github.com/gemalto/helm-spray/v4/pkg/helmspray/helmspray.go:369.2,369.10 1 0
github.com/gemalto/helm-spray/v4/pkg/helmspray/helmspray.go:372.105,374.22 1 0
github.com/gemalto/helm-spray/v4/pkg/helmspray/helmspray.go:374.22,376.3 1 0
github.com/gemalto/helm-spray/v4/pkg/helmspray/helmspray.go:376.8,376.30 1 0
github.com/gemalto/helm-spray/v4/pkg/helmspray/helmspray.go:376.30,378.3 1 0
github.com/gemalto/helm-spray/v4/pkg/helmspray/helmspray.go:379.2,379.12 1 0
github.com/gemalto/helm-spray/v4/pkg/helmspray/helmspray.go:383.87,384.23 1 0
github.com/gemalto/helm-spray/v4/pkg/helmspray/helmspray.go:384.23,386.35 2 0
github.com/gemalto/helm-spray/v4/pkg/helmspray/helmspray.go:386.35,387.39 1 0
github.com/gemalto/helm-spray/v4/pkg/helmspray/helmspray.go:387.39,389.10 2 0
github.com/gemalto/helm-spray/v4/pkg/helmspray/helmspray.go:392.3,392.13 1 0
github.com/gemalto/helm-spray/v4/pkg/helmspray/helmspray.go:392.13,394.4 1 0
github.com/gemalto/helm-spray/v4/pkg/helmspray/helmspray.go:396.2,396.12 1 0
github.com/gemalto/helm-spray/v4/pkg/helmspray/helmspray.go:399.83,404.34 4 0
github.com/gemalto/helm-spray/v4/pkg/helmspray/helmspray.go:404.34,407.71 3 0
github.com/gemalto/helm-spray/v4/pkg/helmspray/helmspray.go:407.71,410.4 2 0
github.com/gemalto/helm-spray/v4/pkg/helmspray/helmspray.go:412.3,414.29 3 0
github.com/gemalto/helm-spray/v4/pkg/helmspray/helmspray.go:414.29,417.4 2 0
github.com/gemalto/helm-spray/v4/pkg/helmspray/helmspray.go:419.3,420.86 2 0
github.com/gemalto/helm-spray/v4/pkg/helmspray/helmspray.go:420.86,422.4 1 0
github.com/gemalto/helm-spray/v4/pkg/helmspray/helmspray.go:422.9,422.94 1 0
github.com/gemalto/helm-spray/v4/pkg/helmspray/helmspray.go:422.94,424.4 1 0
github.com/gemalto/helm-spray/v4/pkg/helmspray/helmspray.go:426.3,426.200 1 0
github.com/gemalto/helm-spray/v4/pkg/helmspray/helmspray.go:428.2,428.15 1 0
github.com/gemalto/helm-spray/v4/pkg/helmspray/helmspray.go:431.36,432.46 1 0
github.com/gemalto/helm-spray/v4/pkg/helmspray/helmspray.go:432.46,434.3 1 0
github.com/gemalto/helm-spray/v4/pkg/helmspray/helmspray.go:437.38,438.44 1 0
github.com/gemalto/helm-spray/v4/pkg/helmspray/helmspray.go:438.44,440.3 1 0
github.com/gemalto/helm-spray/v4/pkg/kubectl/kubectl.go:30.57,32.2 1 0
github.com/gemalto/helm-spray/v4/pkg/kubectl/kubectl.go:34.58,36.2 1 0
github.com/gemalto/helm-spray/v4/pkg/kubectl/kubectl.go:38.50,40.2 1 0
github.com/gemalto/helm-spray/v4/pkg/kubectl/kubectl.go:42.86,44.2 1 0
github.com/gemalto/helm-spray/v4/pkg/kubectl/kubectl.go:46.87,48.2 1 0
github.com/gemalto/helm-spray/v4/pkg/kubectl/kubectl.go:50.79,51.29 1 0
github.com/gemalto/helm-spray/v4/pkg/kubectl/kubectl.go:51.29,55.17 4 0
github.com/gemalto/helm-spray/v4/pkg/kubectl/kubectl.go:55.17,58.4 1 0
github.com/gemalto/helm-spray/v4/pkg/kubectl/kubectl.go:59.3,60.12 2 0
github.com/gemalto/helm-spray/v4/pkg/kubectl/kubectl.go:60.12,62.4 1 0
github.com/gemalto/helm-spray/v4/pkg/kubectl/kubectl.go:63.3,64.20 2 0
github.com/gemalto/helm-spray/v4/pkg/kubectl/kubectl.go:64.20,65.13 1 0
github.com/gemalto/helm-spray/v4/pkg/kubectl/kubectl.go:65.13,67.5 1 0
github.com/gemalto/helm-spray/v4/pkg/kubectl/kubectl.go:68.4,68.21 1 0
github.com/gemalto/helm-spray/v4/pkg/kubectl/kubectl.go:71.2,71.18 1 0
github.com/gemalto/helm-spray/v4/pkg/kubectl/kubectl.go:74.77,78.16 4 0
github.com/gemalto/helm-spray/v4/pkg/kubectl/kubectl.go:78.16,81.3 1 0
github.com/gemalto/helm-spray/v4/pkg/kubectl/kubectl.go:82.2,82.48 1 0
github.com/gemalto/helm-spray/v4/pkg/kubectl/kubectl.go:85.106,86.21 1 0
github.com/gemalto/helm-spray/v4/pkg/kubectl/kubectl.go:86.21,88.3 1 0
github.com/gemalto/helm-spray/v4/pkg/kubectl/kubectl.go:89.2,89.11 1 0
github.com/gemalto/helm-spray/v4/pkg/kubectl/kubectl.go:89.11,95.17 6 0
github.com/gemalto/helm-spray/v4/pkg/kubectl/kubectl.go:95.17,99.4 1 0
github.com/gemalto/helm-spray/v4/pkg/kubectl/kubectl.go:99.9,101.4 1 0
github.com/gemalto/helm-spray/v4/pkg/kubectl/kubectl.go:103.2,104.11 2 0
github.com/gemalto/helm-spray/v4/pkg/kubectl/kubectl.go:104.11,106.3 1 0
github.com/gemalto/helm-spray/v4/pkg/kubectl/kubectl.go:107.2,110.16 4 0
github.com/gemalto/helm-spray/v4/pkg/kubectl/kubectl.go:110.16,113.3 1 0
github.com/gemalto/helm-spray/v4/pkg/kubectl/kubectl.go:114.2,115.11 2 0
github.com/gemalto/helm-spray/v4/pkg/kubectl/kubectl.go:115.11,117.3 1 0
github.com/gemalto/helm-spray/v4/pkg/kubectl/kubectl.go:118.2,118.24 1 0
github.com/gemalto/helm-spray/v4/pkg/kubectl/kubectl.go:118.24,120.3 1 0
github.com/gemalto/helm-spray/v4/pkg/kubectl/kubectl.go:121.2,121.18 1 0
github.com/gemalto/helm-spray/v4/pkg/kubectl/kubectl.go:124.59,128.21 4 0
github.com/gemalto/helm-spray/v4/pkg/kubectl/kubectl.go:128.21,132.3 3 0
github.com/gemalto/helm-spray/v4/pkg/kubectl/kubectl.go:132.8,134.32 2 0
github.com/gemalto/helm-spray/v4/pkg/kubectl/kubectl.go:134.32,140.4 5 0
github.com/gemalto/helm-spray/v4/pkg/kubectl/kubectl.go:142.2,146.20 5 0
github.com/gemalto/helm-spray/v4/pkg/util/util.go:8.39,11.33 3 0
github.com/gemalto/helm-spray/v4/pkg/util/util.go:11.33,13.3 1 0
github.com/gemalto/helm-spray/v4/pkg/util/util.go:14.2,14.33 1 0
github.com/gemalto/helm-spray/v4/pkg/util/util.go:14.33,16.3 1 0
github.com/gemalto/helm-spray/v4/pkg/util/util.go:17.2,17.10 1 0
github.com/gemalto/helm-spray/v4/main.go:8.13,10.42 2 0
github.com/gemalto/helm-spray/v4/main.go:10.42,12.3 1 0
github.com/gemalto/helm-spray/v4/cmd/root.go:75.34,84.55 2 0
github.com/gemalto/helm-spray/v4/cmd/root.go:84.55,86.4 1 0
github.com/gemalto/helm-spray/v4/cmd/root.go:89.2,110.12 20 0
github.com/gemalto/helm-spray/v4/cmd/root.go:114.51,115.43 1 0
github.com/gemalto/helm-spray/v4/cmd/root.go:115.43,117.3 1 0
github.com/gemalto/helm-spray/v4/cmd/root.go:118.2,120.47 2 0
github.com/gemalto/helm-spray/v4/cmd/root.go:120.47,122.3 1 0
github.com/gemalto/helm-spray/v4/cmd/root.go:124.2,124.69 1 0
github.com/gemalto/helm-spray/v4/cmd/root.go:124.69,126.3 1 0
github.com/gemalto/helm-spray/v4/cmd/root.go:128.2,128.47 1 0
github.com/gemalto/helm-spray/v4/cmd/root.go:128.47,130.3 1 0
github.com/gemalto/helm-spray/v4/cmd/root.go:132.2,132.40 1 0
github.com/gemalto/helm-spray/v4/cmd/root.go:132.40,134.3 1 0
github.com/gemalto/helm-spray/v4/cmd/root.go:136.2,136.18 1 0
github.com/gemalto/helm-spray/v4/cmd/root.go:139.40,140.20 1 0
github.com/gemalto/helm-spray/v4/cmd/root.go:140.20,142.3 1 0
github.com/gemalto/helm-spray/v4/cmd/root.go:142.8,142.26 1 0
github.com/gemalto/helm-spray/v4/cmd/root.go:142.26,144.3 1 0
github.com/gemalto/helm-spray/v4/cmd/root.go:145.2,145.12 1 0
github.com/gemalto/helm-spray/v4/cmd/root.go:148.52,149.26 1 0
github.com/gemalto/helm-spray/v4/cmd/root.go:149.26,151.3 1 0
github.com/gemalto/helm-spray/v4/cmd/root.go:152.2,152.43 1 0
github.com/gemalto/helm-spray/v4/cmd/root.go:152.43,154.3 1 0
github.com/gemalto/helm-spray/v4/cmd/root.go:155.2,155.48 1 0
github.com/gemalto/helm-spray/v4/cmd/root.go:155.48,157.3 1 0
github.com/gemalto/helm-spray/v4/cmd/root.go:158.2,158.93 1 0
github.com/gemalto/helm-spray/v4/cmd/root.go:158.93,160.3 1 0
github.com/gemalto/helm-spray/v4/cmd/root.go:161.2,161.12 1 0
github.com/gemalto/helm-spray/v4/cmd/root.go:165.45,167.137 1 0
github.com/gemalto/helm-spray/v4/cmd/root.go:167.137,168.27 1 0
github.com/gemalto/helm-spray/v4/cmd/root.go:168.27,170.4 1 0
github.com/gemalto/helm-spray/v4/cmd/root.go:170.9,172.4 1 0
github.com/gemalto/helm-spray/v4/cmd/root.go:173.3,174.17 2 0
github.com/gemalto/helm-spray/v4/cmd/root.go:174.17,176.4 1 0
github.com/gemalto/helm-spray/v4/cmd/root.go:177.3,177.33 1 0
github.com/gemalto/helm-spray/v4/cmd/root.go:178.8,178.55 1 0
github.com/gemalto/helm-spray/v4/cmd/root.go:178.55,180.27 1 0
github.com/gemalto/helm-spray/v4/cmd/root.go:180.27,182.4 1 0
github.com/gemalto/helm-spray/v4/cmd/root.go:182.9,184.4 1 0
github.com/gemalto/helm-spray/v4/cmd/root.go:185.3,186.17 2 0
github.com/gemalto/helm-spray/v4/cmd/root.go:186.17,188.4 1 0
github.com/gemalto/helm-spray/v4/cmd/root.go:189.3,189.33 1 0
github.com/gemalto/helm-spray/v4/cmd/root.go:190.8,192.3 1 0
github.com/gemalto/helm-spray/v4/cmd/root.go:193.2,193.12 1 0
github.com/gemalto/helm-spray/v4/cmd/root.go:197.39,200.100 2 0
github.com/gemalto/helm-spray/v4/cmd/root.go:200.100,202.3 1 0
github.com/gemalto/helm-spray/v4/cmd/root.go:203.2,203.13 1 0
github.com/gemalto/helm-spray/v4/cmd/root.go:203.13,205.3 1 0
github.com/gemalto/helm-spray/v4/cmd/root.go:208.2,209.24 2 0
github.com/gemalto/helm-spray/v4/cmd/root.go:209.24,211.3 1 0
github.com/gemalto/helm-spray/v4/cmd/root.go:211.8,213.3 1 0
github.com/gemalto/helm-spray/v4/internal/dependencies/dependencies.go:25.151,31.50 3 1
github.com/gemalto/helm-spray/v4/internal/dependencies/dependencies.go:31.50,35.22 3 1
github.com/gemalto/helm-spray/v4/internal/dependencies/dependencies.go:35.22,37.4 1 1
github.com/gemalto/helm-spray/v4/internal/dependencies/dependencies.go:37.9,39.4 1 1
github.com/gemalto/helm-spray/v4/internal/dependencies/dependencies.go:41.3,45.17 4 1
github.com/gemalto/helm-spray/v4/internal/dependencies/dependencies.go:45.17,47.4 1 1
github.com/gemalto/helm-spray/v4/internal/dependencies/dependencies.go:48.3,52.49 3 1
github.com/gemalto/helm-spray/v4/internal/dependencies/dependencies.go:52.49,53.54 1 1
github.com/gemalto/helm-spray/v4/internal/dependencies/dependencies.go:53.54,55.10 2 1
github.com/gemalto/helm-spray/v4/internal/dependencies/dependencies.go:59.2,59.26 1 1
github.com/gemalto/helm-spray/v4/internal/dependencies/dependencies.go:65.81,66.22 1 1
github.com/gemalto/helm-spray/v4/internal/dependencies/dependencies.go:66.22,67.26 1 1
github.com/gemalto/helm-spray/v4/internal/dependencies/dependencies.go:67.26,68.30 1 1
github.com/gemalto/helm-spray/v4/internal/dependencies/dependencies.go:68.30,70.5 1 1
github.com/gemalto/helm-spray/v4/internal/dependencies/dependencies.go:72.3,72.15 1 1
github.com/gemalto/helm-spray/v4/internal/dependencies/dependencies.go:74.2,74.23 1 1
github.com/gemalto/helm-spray/v4/internal/dependencies/dependencies.go:74.23,75.27 1 1
github.com/gemalto/helm-spray/v4/internal/dependencies/dependencies.go:75.27,76.31 1 1
github.com/gemalto/helm-spray/v4/internal/dependencies/dependencies.go:76.31,78.5 1 1
github.com/gemalto/helm-spray/v4/internal/dependencies/dependencies.go:80.3,80.14 1 1
github.com/gemalto/helm-spray/v4/internal/dependencies/dependencies.go:82.2,82.13 1 1
github.com/gemalto/helm-spray/v4/internal/dependencies/dependencies.go:86.111,87.23 1 1
github.com/gemalto/helm-spray/v4/internal/dependencies/dependencies.go:87.23,89.3 1 1
github.com/gemalto/helm-spray/v4/internal/dependencies/dependencies.go:90.2,90.30 1 1
github.com/gemalto/helm-spray/v4/internal/dependencies/dependencies.go:90.30,91.34 1 1
github.com/gemalto/helm-spray/v4/internal/dependencies/dependencies.go:91.34,92.29 1 1
github.com/gemalto/helm-spray/v4/internal/dependencies/dependencies.go:92.29,94.5 1 1
github.com/gemalto/helm-spray/v4/internal/dependencies/dependencies.go:97.2,97.20 1 1
github.com/gemalto/helm-spray/v4/internal/dependencies/dependencies.go:101.76,103.16 2 1
github.com/gemalto/helm-spray/v4/internal/dependencies/dependencies.go:103.16,105.3 1 1
github.com/gemalto/helm-spray/v4/internal/dependencies/dependencies.go:107.2,109.58 2 1
github.com/gemalto/helm-spray/v4/internal/dependencies/dependencies.go:109.58,111.17 2 1
github.com/gemalto/helm-spray/v4/internal/dependencies/dependencies.go:111.17,113.4 1 1
github.com/gemalto/helm-spray/v4/internal/dependencies/dependencies.go:114.3,114.25 1 1
github.com/gemalto/helm-spray/v4/internal/dependencies/dependencies.go:116.8,116.61 1 1
github.com/gemalto/helm-spray/v4/internal/dependencies/dependencies.go:116.61,119.3 1 1
github.com/gemalto/helm-spray/v4/internal/dependencies/dependencies.go:119.8,121.3 1 1
github.com/gemalto/helm-spray/v4/internal/dependencies/dependencies.go:123.2,123.23 1 1
github.com/gemalto/helm-spray/v4/internal/dependencies/dependencies.go:123.23,125.3 1 1
github.com/gemalto/helm-spray/v4/internal/dependencies/dependencies.go:126.2,126.27 1 1
github.com/gemalto/helm-spray/v4/internal/dependencies/dependencies.go:129.74,132.13 1 1
github.com/gemalto/helm-spray/v4/internal/dependencies/dependencies.go:132.13,134.3 1 1
github.com/gemalto/helm-spray/v4/internal/dependencies/dependencies.go:135.2,137.16 3 1
github.com/gemalto/helm-spray/v4/internal/dependencies/dependencies.go:137.16,139.3 1 1
github.com/gemalto/helm-spray/v4/internal/dependencies/dependencies.go:140.2,140.13 1 1
github.com/gemalto/helm-spray/v4/internal/dependencies/dependencies.go:140.13,141.34 1 1
github.com/gemalto/helm-spray/v4/internal/dependencies/dependencies.go:141.34,143.4 1 1
github.com/gemalto/helm-spray/v4/internal/dependencies/dependencies.go:145.2,145.21 1 1
github.com/gemalto/helm-spray/v4/internal/log/log.go:12.57,15.16 2 1
github.com/gemalto/helm-spray/v4/internal/log/log.go:15.16,17.3 1 1
github.com/gemalto/helm-spray/v4/internal/log/log.go:17.8,17.23 1 1
github.com/gemalto/helm-spray/v4/internal/log/log.go:17.23,19.3 1 0
github.com/gemalto/helm-spray/v4/internal/log/log.go:19.8,19.23 1 1
github.com/gemalto/helm-spray/v4/internal/log/log.go:19.23,21.3 1 0
github.com/gemalto/helm-spray/v4/internal/log/log.go:21.8,21.23 1 1
github.com/gemalto/helm-spray/v4/internal/log/log.go:21.23,23.3 1 0
github.com/gemalto/helm-spray/v4/internal/log/log.go:25.2,25.22 1 1
github.com/gemalto/helm-spray/v4/internal/log/log.go:25.22,27.3 1 1
github.com/gemalto/helm-spray/v4/internal/log/log.go:27.8,29.3 1 1
github.com/gemalto/helm-spray/v4/internal/log/log.go:32.70,35.51 2 0
github.com/gemalto/helm-spray/v4/internal/log/log.go:35.51,37.3 1 0
github.com/gemalto/helm-spray/v4/internal/log/log.go:40.2,41.25 2 0
github.com/gemalto/helm-spray/v4/internal/log/log.go:41.25,44.3 2 0
github.com/gemalto/helm-spray/v4/internal/log/log.go:45.2,50.21 4 0
github.com/gemalto/helm-spray/v4/internal/log/log.go:50.21,53.3 2 0
github.com/gemalto/helm-spray/v4/internal/log/log.go:57.47,58.22 1 0
github.com/gemalto/helm-spray/v4/internal/log/log.go:58.22,60.3 1 0
github.com/gemalto/helm-spray/v4/internal/log/log.go:60.8,62.3 1 0
github.com/gemalto/helm-spray/v4/internal/values/values.go:20.125,27.26 4 0
github.com/gemalto/helm-spray/v4/internal/values/values.go:27.26,29.17 2 0
github.com/gemalto/helm-spray/v4/internal/values/values.go:29.17,31.4 1 0
github.com/gemalto/helm-spray/v4/internal/values/values.go:32.3,33.17 2 0
github.com/gemalto/helm-spray/v4/internal/values/values.go:33.17,35.4 1 0
github.com/gemalto/helm-spray/v4/internal/values/values.go:37.3,38.17 2 0
github.com/gemalto/helm-spray/v4/internal/values/values.go:38.17,39.15 1 0
github.com/gemalto/helm-spray/v4/internal/values/values.go:39.15,41.5 1 0
github.com/gemalto/helm-spray/v4/internal/values/values.go:42.4,42.85 1 0
github.com/gemalto/helm-spray/v4/internal/values/values.go:44.8,46.17 2 0
github.com/gemalto/helm-spray/v4/internal/values/values.go:46.17,48.4 1 0
github.com/gemalto/helm-spray/v4/internal/values/values.go:51.2,52.16 2 0
github.com/gemalto/helm-spray/v4/internal/values/values.go:52.16,54.3 1 0
github.com/gemalto/helm-spray/v4/internal/values/values.go:56.2,56.80 1 0
github.com/gemalto/helm-spray/v4/internal/values/values.go:71.83,81.30 3 0
github.com/gemalto/helm-spray/v4/internal/values/values.go:81.30,82.41 1 0
github.com/gemalto/helm-spray/v4/internal/values/values.go:82.41,84.4 1 0
github.com/gemalto/helm-spray/v4/internal/values/values.go:87.2,87.13 1 0
github.com/gemalto/helm-spray/v4/internal/values/values.go:87.13,89.3 1 0
github.com/gemalto/helm-spray/v4/internal/values/values.go:91.2,91.92 1 0
github.com/gemalto/helm-spray/v4/internal/values/values.go:91.92,96.17 4 0
github.com/gemalto/helm-spray/v4/internal/values/values.go:96.17,98.4 1 0
github.com/gemalto/helm-spray/v4/internal/values/values.go:101.2,101.25 1 0
github.com/gemalto/helm-spray/v4/internal/values/values.go:106.151,107.6 1 0
github.com/gemalto/helm-spray/v4/internal/values/values.go:107.6,109.22 2 0
github.com/gemalto/helm-spray/v4/internal/values/values.go:109.22,110.9 1 0
github.com/gemalto/helm-spray/v4/internal/values/values.go:113.3,117.33 3 0
github.com/gemalto/helm-spray/v4/internal/values/values.go:117.33,119.72 1 0
github.com/gemalto/helm-spray/v4/internal/values/values.go:119.72,120.13 1 0
github.com/gemalto/helm-spray/v4/internal/values/values.go:122.4,122.15 1 0
github.com/gemalto/helm-spray/v4/internal/values/values.go:122.15,124.5 1 0
github.com/gemalto/helm-spray/v4/internal/values/values.go:126.4,127.18 2 0
github.com/gemalto/helm-spray/v4/internal/values/values.go:127.18,129.5 1 0
github.com/gemalto/helm-spray/v4/internal/values/values.go:131.4,132.18 2 0
github.com/gemalto/helm-spray/v4/internal/values/values.go:132.18,134.5 1 0
github.com/gemalto/helm-spray/v4/internal/values/values.go:135.4,135.19 1 0
github.com/gemalto/helm-spray/v4/internal/values/values.go:138.3,138.16 1 0
github.com/gemalto/helm-spray/v4/internal/values/values.go:138.16,140.4 1 0
github.com/gemalto/helm-spray/v4/internal/values/values.go:142.2,142.25 1 0
github.com/gemalto/helm-spray/v4/internal/values/values.go:146.121,147.27 1 0
github.com/gemalto/helm-spray/v4/internal/values/values.go:147.27,152.3 4 0
github.com/gemalto/helm-spray/v4/internal/values/values.go:152.8,152.34 1 0
github.com/gemalto/helm-spray/v4/internal/values/values.go:152.34,157.3 4 0
github.com/gemalto/helm-spray/v4/internal/values/values.go:158.2,158.57 1 0
github.com/gemalto/helm-spray/v4/internal/values/values.go:162.72,163.24 1 0
github.com/gemalto/helm-spray/v4/internal/values/values.go:163.24,164.19 1 0
github.com/gemalto/helm-spray/v4/internal/values/values.go:164.19,166.4 1 0
github.com/gemalto/helm-spray/v4/internal/values/values.go:166.9,168.4 1 0
github.com/gemalto/helm-spray/v4/internal/values/values.go:169.8,170.19 1 0
github.com/gemalto/helm-spray/v4/internal/values/values.go:170.19,172.4 1 0
github.com/gemalto/helm-spray/v4/internal/values/values.go:172.9,174.4 1 0
github.com/gemalto/helm-spray/v4/internal/values/values.go:180.96,182.24 2 0
github.com/gemalto/helm-spray/v4/internal/values/values.go:182.24,184.3 1 0
github.com/gemalto/helm-spray/v4/internal/values/values.go:186.2,187.16 2 0
github.com/gemalto/helm-spray/v4/internal/values/values.go:187.16,189.3 1 0
github.com/gemalto/helm-spray/v4/internal/values/values.go:192.2,193.21 2 0
github.com/gemalto/helm-spray/v4/internal/values/values.go:193.21,195.17 2 0
github.com/gemalto/helm-spray/v4/internal/values/values.go:195.17,197.4 1 0
github.com/gemalto/helm-spray/v4/internal/values/values.go:198.3,198.23 1 0
github.com/gemalto/helm-spray/v4/internal/values/values.go:202.2,202.60 1 0
github.com/gemalto/helm-spray/v4/internal/values/values.go:202.60,203.32 1 0
github.com/gemalto/helm-spray/v4/internal/values/values.go:203.32,205.4 1 0
github.com/gemalto/helm-spray/v4/internal/values/values.go:206.3,206.130 1 0
github.com/gemalto/helm-spray/v4/internal/values/values.go:208.2,208.129 1 0
github.com/gemalto/helm-spray/v4/internal/values/values.go:212.85,213.18 1 0
github.com/gemalto/helm-spray/v4/internal/values/values.go:213.18,215.3 1 0
github.com/gemalto/helm-spray/v4/internal/values/values.go:216.2,217.16 2 0
github.com/gemalto/helm-spray/v4/internal/values/values.go:217.16,219.3 1 0
github.com/gemalto/helm-spray/v4/internal/values/values.go:220.2,221.109 2 0
github.com/gemalto/helm-spray/v4/internal/values/values.go:224.68,226.22 2 0
github.com/gemalto/helm-spray/v4/internal/values/values.go:226.22,228.3 1 0
github.com/gemalto/helm-spray/v4/internal/values/values.go:229.2,229.22 1 0
github.com/gemalto/helm-spray/v4/internal/values/values.go:229.22,230.46 1 0
github.com/gemalto/helm-spray/v4/internal/values/values.go:230.46,231.28 1 0
github.com/gemalto/helm-spray/v4/internal/values/values.go:231.28,232.50 1 0
github.com/gemalto/helm-spray/v4/internal/values/values.go:232.50,234.14 2 0
github.com/gemalto/helm-spray/v4/internal/values/values.go:238.3,238.13 1 0
github.com/gemalto/helm-spray/v4/internal/values/values.go:240.2,240.12 1 0
github.com/gemalto/helm-spray/v4/pkg/helm/helm.go:48.80,53.11 2 0
github.com/gemalto/helm-spray/v4/pkg/helm/helm.go:53.11,55.3 1 0
github.com/gemalto/helm-spray/v4/pkg/helm/helm.go:56.2,62.11 7 0
github.com/gemalto/helm-spray/v4/pkg/helm/helm.go:62.11,64.3 1 0
github.com/gemalto/helm-spray/v4/pkg/helm/helm.go:65.2,65.16 1 0
github.com/gemalto/helm-spray/v4/pkg/helm/helm.go:65.16,67.3 1 0
github.com/gemalto/helm-spray/v4/pkg/helm/helm.go:69.2,71.16 3 0
github.com/gemalto/helm-spray/v4/pkg/helm/helm.go:71.16,73.3 1 0
github.com/gemalto/helm-spray/v4/pkg/helm/helm.go:76.2,77.29 2 0
github.com/gemalto/helm-spray/v4/pkg/helm/helm.go:77.29,79.3 1 0
github.com/gemalto/helm-spray/v4/pkg/helm/helm.go:80.2,80.25 1 0
github.com/gemalto/helm-spray/v4/pkg/helm/helm.go:103.70,106.35 2 0
github.com/gemalto/helm-spray/v4/pkg/helm/helm.go:106.35,109.3 2 0
github.com/gemalto/helm-spray/v4/pkg/helm/helm.go:110.2,110.41 1 0
github.com/gemalto/helm-spray/v4/pkg/helm/helm.go:110.41,113.3 2 0
github.com/gemalto/helm-spray/v4/pkg/helm/helm.go:114.2,114.39 1 0
github.com/gemalto/helm-spray/v4/pkg/helm/helm.go:114.39,117.3 2 0
github.com/gemalto/helm-spray/v4/pkg/helm/helm.go:118.2,118.36 1 0
github.com/gemalto/helm-spray/v4/pkg/helm/helm.go:118.36,121.3 2 0
github.com/gemalto/helm-spray/v4/pkg/helm/helm.go:122.2,122.22 1 0
github.com/gemalto/helm-spray/v4/pkg/helm/helm.go:122.22,124.3 1 0
github.com/gemalto/helm-spray/v4/pkg/helm/helm.go:125.2,125.22 1 0
github.com/gemalto/helm-spray/v4/pkg/helm/helm.go:125.22,127.3 1 0
github.com/gemalto/helm-spray/v4/pkg/helm/helm.go:128.2,128.16 1 0
github.com/gemalto/helm-spray/v4/pkg/helm/helm.go:128.16,130.3 1 0
github.com/gemalto/helm-spray/v4/pkg/helm/helm.go:131.2,131.17 1 0
github.com/gemalto/helm-spray/v4/pkg/helm/helm.go:131.17,133.3 1 0
github.com/gemalto/helm-spray/v4/pkg/helm/helm.go:134.2,134.26 1 0
github.com/gemalto/helm-spray/v4/pkg/helm/helm.go:134.26,136.3 1 0
github.com/gemalto/helm-spray/v4/pkg/helm/helm.go:139.2,139.16 1 0
github.com/gemalto/helm-spray/v4/pkg/helm/helm.go:139.16,141.3 1 0
github.com/gemalto/helm-spray/v4/pkg/helm/helm.go:142.2,148.16 7 0
github.com/gemalto/helm-spray/v4/pkg/helm/helm.go:148.16,150.3 1 0
github.com/gemalto/helm-spray/v4/pkg/helm/helm.go:151.2,151.16 1 0
github.com/gemalto/helm-spray/v4/pkg/helm/helm.go:151.16,153.3 1 0
github.com/gemalto/helm-spray/v4/pkg/helm/helm.go:155.2,157.16 3 0
github.com/gemalto/helm-spray/v4/pkg/helm/helm.go:157.16,159.3 1 0
github.com/gemalto/helm-spray/v4/pkg/helm/helm.go:161.2,161.29 1 0
github.com/gemalto/helm-spray/v4/pkg/helm/helm.go:165.58,167.16 2 0
github.com/gemalto/helm-spray/v4/pkg/helm/helm.go:167.16,169.3 1 0
github.com/gemalto/helm-spray/v4/pkg/helm/helm.go:170.2,175.19 4 0
github.com/gemalto/helm-spray/v4/pkg/helm/helm.go:175.19,177.3 1 0
github.com/gemalto/helm-spray/v4/pkg/helm/helm.go:178.2,181.34 4 0
github.com/gemalto/helm-spray/v4/pkg/helm/helm.go:181.34,183.3 1 0
github.com/gemalto/helm-spray/v4/pkg/helm/helm.go:185.2,187.31 3 0
github.com/gemalto/helm-spray/v4/pkg/helm/helm.go:187.31,191.3 3 0
github.com/gemalto/helm-spray/v4/pkg/helm/helm.go:191.8,195.3 3 0
github.com/gemalto/helm-spray/v4/pkg/helm/helm.go:196.2,199.34 4 0
github.com/gemalto/helm-spray/v4/pkg/helm/helm.go:199.34,201.3 1 0
github.com/gemalto/helm-spray/v4/pkg/helm/helm.go:203.2,206.23 4 0
github.com/gemalto/helm-spray/v4/pkg/helm/helm.go:209.36,210.46 1 0
github.com/gemalto/helm-spray/v4/pkg/helm/helm.go:210.46,212.3 1 0
github.com/gemalto/helm-spray/v4/pkg/helmspray/helmspray.go:49.31,51.13 1 0
github.com/gemalto/helm-spray/v4/pkg/helmspray/helmspray.go:51.13,53.3 1 0
github.com/gemalto/helm-spray/v4/pkg/helmspray/helmspray.go:55.2,59.16 3 0
github.com/gemalto/helm-spray/v4/pkg/helmspray/helmspray.go:59.16,61.3 1 0
github.com/gemalto/helm-spray/v4/pkg/helmspray/helmspray.go:63.2,64.16 2 0
github.com/gemalto/helm-spray/v4/pkg/helmspray/helmspray.go:64.16,66.3 1 0
github.com/gemalto/helm-spray/v4/pkg/helmspray/helmspray.go:67.2,67.41 1 0
github.com/gemalto/helm-spray/v4/pkg/helmspray/helmspray.go:67.41,71.17 2 0
github.com/gemalto/helm-spray/v4/pkg/helmspray/helmspray.go:71.17,73.4 1 0
github.com/gemalto/helm-spray/v4/pkg/helmspray/helmspray.go:74.3,74.18 1 0
github.com/gemalto/helm-spray/v4/pkg/helmspray/helmspray.go:77.2,79.16 3 0
github.com/gemalto/helm-spray/v4/pkg/helmspray/helmspray.go:79.16,81.3 1 0
github.com/gemalto/helm-spray/v4/pkg/helmspray/helmspray.go:84.2,84.28 1 0
github.com/gemalto/helm-spray/v4/pkg/helmspray/helmspray.go:84.28,86.3 1 0
github.com/gemalto/helm-spray/v4/pkg/helmspray/helmspray.go:86.8,88.3 1 0
github.com/gemalto/helm-spray/v4/pkg/helmspray/helmspray.go:90.2,91.16 2 0
github.com/gemalto/helm-spray/v4/pkg/helmspray/helmspray.go:91.16,93.3 1 0
github.com/gemalto/helm-spray/v4/pkg/helmspray/helmspray.go:95.2,95.15 1 0
github.com/gemalto/helm-spray/v4/pkg/helmspray/helmspray.go:95.15,97.3 1 0
github.com/gemalto/helm-spray/v4/pkg/helmspray/helmspray.go:99.2,100.16 2 0
github.com/gemalto/helm-spray/v4/pkg/helmspray/helmspray.go:100.16,102.3 1 0
github.com/gemalto/helm-spray/v4/pkg/helmspray/helmspray.go:104.2,104.56 1 0
github.com/gemalto/helm-spray/v4/pkg/helmspray/helmspray.go:104.56,106.3 1 0
github.com/gemalto/helm-spray/v4/pkg/helmspray/helmspray.go:108.2,110.12 2 0
github.com/gemalto/helm-spray/v4/pkg/helmspray/helmspray.go:116.88,118.16 2 0
github.com/gemalto/helm-spray/v4/pkg/helmspray/helmspray.go:118.16,120.3 1 0
github.com/gemalto/helm-spray/v4/pkg/helmspray/helmspray.go:121.2,122.16 2 0
github.com/gemalto/helm-spray/v4/pkg/helmspray/helmspray.go:122.16,125.3 2 0
github.com/gemalto/helm-spray/v4/pkg/helmspray/helmspray.go:126.2,126.20 1 0
github.com/gemalto/helm-spray/v4/pkg/helmspray/helmspray.go:126.20,129.3 2 0
github.com/gemalto/helm-spray/v4/pkg/helmspray/helmspray.go:130.2,130.77 1 0
github.com/gemalto/helm-spray/v4/pkg/helmspray/helmspray.go:130.77,133.3 2 0
github.com/gemalto/helm-spray/v4/pkg/helmspray/helmspray.go:134.2,134.40 1 0
github.com/gemalto/helm-spray/v4/pkg/helmspray/helmspray.go:134.40,137.3 2 0
github.com/gemalto/helm-spray/v4/pkg/helmspray/helmspray.go:138.2,140.21 3 0
github.com/gemalto/helm-spray/v4/pkg/helmspray/helmspray.go:143.47,144.59 1 0
github.com/gemalto/helm-spray/v4/pkg/helmspray/helmspray.go:144.59,146.3 1 0
github.com/gemalto/helm-spray/v4/pkg/helmspray/helmspray.go:146.8,146.38 1 0
github.com/gemalto/helm-spray/v4/pkg/helmspray/helmspray.go:146.38,148.3 1 0
github.com/gemalto/helm-spray/v4/pkg/helmspray/helmspray.go:149.2,149.11 1 0
github.com/gemalto/helm-spray/v4/pkg/helmspray/helmspray.go:153.104,154.40 1 0
github.com/gemalto/helm-spray/v4/pkg/helmspray/helmspray.go:154.40,156.17 2 0
github.com/gemalto/helm-spray/v4/pkg/helmspray/helmspray.go:156.17,158.4 1 0
github.com/gemalto/helm-spray/v4/pkg/helmspray/helmspray.go:160.3,160.30 1 0
github.com/gemalto/helm-spray/v4/pkg/helmspray/helmspray.go:160.30,161.34 1 0
github.com/gemalto/helm-spray/v4/pkg/helmspray/helmspray.go:161.34,163.5 1 0
github.com/gemalto/helm-spray/v4/pkg/helmspray/helmspray.go:166.2,166.12 1 0
github.com/gemalto/helm-spray/v4/pkg/helmspray/helmspray.go:169.124,173.34 3 0
github.com/gemalto/helm-spray/v4/pkg/helmspray/helmspray.go:173.34,174.57 1 0
github.com/gemalto/helm-spray/v4/pkg/helmspray/helmspray.go:174.57,175.12 1 0
github.com/gemalto/helm-spray/v4/pkg/helmspray/helmspray.go:177.3,177.41 1 0
github.com/gemalto/helm-spray/v4/pkg/helmspray/helmspray.go:177.41,178.12 1 0
github.com/gemalto/helm-spray/v4/pkg/helmspray/helmspray.go:180.3,180.20 1 0
github.com/gemalto/helm-spray/v4/pkg/helmspray/helmspray.go:180.20,186.4 5 0
github.com/gemalto/helm-spray/v4/pkg/helmspray/helmspray.go:188.3,189.73 2 0
github.com/gemalto/helm-spray/v4/pkg/helmspray/helmspray.go:189.73,191.4 1 0
github.com/gemalto/helm-spray/v4/pkg/helmspray/helmspray.go:193.2,193.24 1 0
github.com/gemalto/helm-spray/v4/pkg/helmspray/helmspray.go:197.143,198.70 1 0
github.com/gemalto/helm-spray/v4/pkg/helmspray/helmspray.go:198.70,201.3 2 0
github.com/gemalto/helm-spray/v4/pkg/helmspray/helmspray.go:201.8,203.3 1 0
github.com/gemalto/helm-spray/v4/pkg/helmspray/helmspray.go:206.2,228.16 5 0
github.com/gemalto/helm-spray/v4/pkg/helmspray/helmspray.go:228.16,230.3 1 0
github.com/gemalto/helm-spray/v4/pkg/helmspray/helmspray.go:232.2,234.15 2 0
github.com/gemalto/helm-spray/v4/pkg/helmspray/helmspray.go:234.15,236.3 1 0
github.com/gemalto/helm-spray/v4/pkg/helmspray/helmspray.go:237.2,237.63 1 0
github.com/gemalto/helm-spray/v4/pkg/helmspray/helmspray.go:237.63,239.3 1 0
github.com/gemalto/helm-spray/v4/pkg/helmspray/helmspray.go:241.2,243.15 2 0
github.com/gemalto/helm-spray/v4/pkg/helmspray/helmspray.go:243.15,245.3 1 0
github.com/gemalto/helm-spray/v4/pkg/helmspray/helmspray.go:246.2,246.12 1 0
github.com/gemalto/helm-spray/v4/pkg/helmspray/helmspray.go:250.99,252.27 2 0
github.com/gemalto/helm-spray/v4/pkg/helmspray/helmspray.go:252.27,253.42 1 0
github.com/gemalto/helm-spray/v4/pkg/helmspray/helmspray.go:253.42,255.4 1 0
github.com/gemalto/helm-spray/v4/pkg/helmspray/helmspray.go:255.9,257.4 1 0
github.com/gemalto/helm-spray/v4/pkg/helmspray/helmspray.go:259.2,259.21 1 0
github.com/gemalto/helm-spray/v4/pkg/helmspray/helmspray.go:264.60,266.54 2 0
github.com/gemalto/helm-spray/v4/pkg/helmspray/helmspray.go:266.54,268.34 2 0
github.com/gemalto/helm-spray/v4/pkg/helmspray/helmspray.go:268.34,270.4 1 0
github.com/gemalto/helm-spray/v4/pkg/helmspray/helmspray.go:271.3,272.9 2 0
github.com/gemalto/helm-spray/v4/pkg/helmspray/helmspray.go:272.9,274.4 1 0
github.com/gemalto/helm-spray/v4/pkg/helmspray/helmspray.go:275.3,276.9 2 0
github.com/gemalto/helm-spray/v4/pkg/helmspray/helmspray.go:276.9,278.4 1 0
github.com/gemalto/helm-spray/v4/pkg/helmspray/helmspray.go:279.3,280.9 2 0
github.com/gemalto/helm-spray/v4/pkg/helmspray/helmspray.go:280.9,282.4 1 0
github.com/gemalto/helm-spray/v4/pkg/helmspray/helmspray.go:284.2,284.21 1 0
github.com/gemalto/helm-spray/v4/pkg/helmspray/helmspray.go:288.61,289.27 1 0
github.com/gemalto/helm-spray/v4/pkg/helmspray/helmspray.go:289.27,291.14 2 0
github.com/gemalto/helm-spray/v4/pkg/helmspray/helmspray.go:291.14,293.4 1 0
github.com/gemalto/helm-spray/v4/pkg/helmspray/helmspray.go:295.2,295.28 1 0
github.com/gemalto/helm-spray/v4/pkg/helmspray/helmspray.go:295.28,297.3 1 0
github.com/gemalto/helm-spray/v4/pkg/helmspray/helmspray.go:298.2,298.29 1 0
github.com/gemalto/helm-spray/v4/pkg/helmspray/helmspray.go:298.29,300.3 1 0
github.com/gemalto/helm-spray/v4/pkg/helmspray/helmspray.go:301.2,301.21 1 0
github.com/gemalto/helm-spray/v4/pkg/helmspray/helmspray.go:301.21,303.3 1 0
github.com/gemalto/helm-spray/v4/pkg/helmspray/helmspray.go:306.30,315.29 6 0
github.com/gemalto/helm-spray/v4/pkg/helmspray/helmspray.go:315.29,318.17 3 0
github.com/gemalto/helm-spray/v4/pkg/helmspray/helmspray.go:318.17,320.4 1 0
github.com/gemalto/helm-spray/v4/pkg/helmspray/helmspray.go:321.3,322.17 2 0
github.com/gemalto/helm-spray/v4/pkg/helmspray/helmspray.go:322.17,324.4 1 0
github.com/gemalto/helm-spray/v4/pkg/helmspray/helmspray.go:325.3,326.17 2 0
github.com/gemalto/helm-spray/v4/pkg/helmspray/helmspray.go:326.17,328.4 1 0
github.com/gemalto/helm-spray/v4/pkg/helmspray/helmspray.go:329.3,329.54 1 0
github.com/gemalto/helm-spray/v4/pkg/helmspray/helmspray.go:329.54,330.9 1 0
github.com/gemalto/helm-spray/v4/pkg/helmspray/helmspray.go:332.3,333.20 2 0
github.com/gemalto/helm-spray/v4/pkg/helmspray/helmspray.go:336.2,336.56 1 0
github.com/gemalto/helm-spray/v4/pkg/helmspray/helmspray.go:336.56,338.3 1 0
github.com/gemalto/helm-spray/v4/pkg/helmspray/helmspray.go:340.2,340.12 1 0
github.com/gemalto/helm-spray/v4/pkg/helmspray/helmspray.go:345.133,346.29 1 0
github.com/gemalto/helm-spray/v4/pkg/helmspray/helmspray.go:346.29,348.3 1 0
github.com/gemalto/helm-spray/v4/pkg/helmspray/helmspray.go:349.2,349.15 1 0
github.com/gemalto/helm-spray/v4/pkg/helmspray/helmspray.go:349.15,351.3 1 0
github.com/gemalto/helm-spray/v4/pkg/helmspray/helmspray.go:352.2,353.16 2 0
github.com/gemalto/helm-spray/v4/pkg/helmspray/helmspray.go:353.16,355.3 1 0
github.com/gemalto/helm-spray/v4/pkg/helmspray/helmspray.go:356.2,356.19 1 0
github.com/gemalto/helm-spray/v4/pkg/helmspray/helmspray.go:360.56,361.19 1 0
github.com/gemalto/helm-spray/v4/pkg/helmspray/helmspray.go:361.19,363.3 1 0
github.com/gemalto/helm-spray/v4/pkg/helmspray/helmspray.go:364.2,364.33 1 0
github.com/gemalto/helm-spray/v4/pkg/helmspray/helmspray.go:364.33,365.25 1 0
github.com/gemalto/helm-spray/v4/pkg/helmspray/helmspray.go:365.25,367.4 1 0
github.com/gemalto/helm-spray/v4/pkg/helmspray/helmspray.go:369.2,369.10 1 0
github.com/gemalto/helm-spray/v4/pkg/helmspray/helmspray.go:372.105,374.22 1 0
github.com/gemalto/helm-spray/v4/pkg/helmspray/helmspray.go:374.22,376.3 1 0
github.com/gemalto/helm-spray/v4/pkg/helmspray/helmspray.go:376.8,376.30 1 0
github.com/gemalto/helm-spray/v4/pkg/helmspray/helmspray.go:376.30,378.3 1 0
github.com/gemalto/helm-spray/v4/pkg/helmspray/helmspray.go:379.2,379.12 1 0
github.com/gemalto/helm-spray/v4/pkg/helmspray/helmspray.go:383.87,384.23 1 0
github.com/gemalto/helm-spray/v4/pkg/helmspray/helmspray.go:384.23,386.35 2 0
github.com/gemalto/helm-spray/v4/pkg/helmspray/helmspray.go:386.35,387.39 1 0
github.com/gemalto/helm-spray/v4/pkg/helmspray/helmspray.go:387.39,389.10 2 0
github.com/gemalto/helm-spray/v4/pkg/helmspray/helmspray.go:392.3,392.13 1 0
github.com/gemalto/helm-spray/v4/pkg/helmspray/helmspray.go:392.13,394.4 1 0
github.com/gemalto/helm-spray/v4/pkg/helmspray/helmspray.go:396.2,396.12 1 0
github.com/gemalto/helm-spray/v4/pkg/helmspray/helmspray.go:399.83,404.34 4 0
github.com/gemalto/helm-spray/v4/pkg/helmspray/helmspray.go:404.34,407.71 3 0
github.com/gemalto/helm-spray/v4/pkg/helmspray/helmspray.go:407.71,410.4 2 0
github.com/gemalto/helm-spray/v4/pkg/helmspray/helmspray.go:412.3,414.29 3 0
github.com/gemalto/helm-spray/v4/pkg/helmspray/helmspray.go:414.29,417.4 2 0
github.com/gemalto/helm-spray/v4/pkg/helmspray/helmspray.go:419.3,420.86 2 0
github.com/gemalto/helm-spray/v4/pkg/helmspray/helmspray.go:420.86,422.4 1 0
github.com/gemalto/helm-spray/v4/pkg/helmspray/helmspray.go:422.9,422.94 1 0
github.com/gemalto/helm-spray/v4/pkg/helmspray/helmspray.go:422.94,424.4 1 0
github.com/gemalto/helm-spray/v4/pkg/helmspray/helmspray.go:426.3,426.200 1 0
github.com/gemalto/helm-spray/v4/pkg/helmspray/helmspray.go:428.2,428.15 1 0
github.com/gemalto/helm-spray/v4/pkg/helmspray/helmspray.go:431.36,432.46 1 0
github.com/gemalto/helm-spray/v4/pkg/helmspray/helmspray.go:432.46,434.3 1 0
github.com/gemalto/helm-spray/v4/pkg/helmspray/helmspray.go:437.38,438.44 1 0
github.com/gemalto/helm-spray/v4/pkg/helmspray/helmspray.go:438.44,440.3 1 0
github.com/gemalto/helm-spray/v4/pkg/kubectl/kubectl.go:30.57,32.2 1 0
github.com/gemalto/helm-spray/v4/pkg/kubectl/kubectl.go:34.58,36.2 1 0
github.com/gemalto/helm-spray/v4/pkg/kubectl/kubectl.go:38.50,40.2 1 0
github.com/gemalto/helm-spray/v4/pkg/kubectl/kubectl.go:42.86,44.2 1 0
github.com/gemalto/helm-spray/v4/pkg/kubectl/kubectl.go:46.87,48.2 1 0
github.com/gemalto/helm-spray/v4/pkg/kubectl/kubectl.go:50.79,51.29 1 0
github.com/gemalto/helm-spray/v4/pkg/kubectl/kubectl.go:51.29,55.17 4 0
github.com/gemalto/helm-spray/v4/pkg/kubectl/kubectl.go:55.17,58.4 1 0
github.com/gemalto/helm-spray/v4/pkg/kubectl/kubectl.go:59.3,60.12 2 0
github.com/gemalto/helm-spray/v4/pkg/kubectl/kubectl.go:60.12,62.4 1 0
github.com/gemalto/helm-spray/v4/pkg/kubectl/kubectl.go:63.3,64.20 2 0
github.com/gemalto/helm-spray/v4/pkg/kubectl/kubectl.go:64.20,65.13 1 0
github.com/gemalto/helm-spray/v4/pkg/kubectl/kubectl.go:65.13,67.5 1 0
github.com/gemalto/helm-spray/v4/pkg/kubectl/kubectl.go:68.4,68.21 1 0
github.com/gemalto/helm-spray/v4/pkg/kubectl/kubectl.go:71.2,71.18 1 0
github.com/gemalto/helm-spray/v4/pkg/kubectl/kubectl.go:74.77,78.16 4 0
github.com/gemalto/helm-spray/v4/pkg/kubectl/kubectl.go:78.16,81.3 1 0
github.com/gemalto/helm-spray/v4/pkg/kubectl/kubectl.go:82.2,82.48 1 0
github.com/gemalto/helm-spray/v4/pkg/kubectl/kubectl.go:85.106,86.21 1 0
github.com/gemalto/helm-spray/v4/pkg/kubectl/kubectl.go:86.21,88.3 1 0
github.com/gemalto/helm-spray/v4/pkg/kubectl/kubectl.go:89.2,89.11 1 0
github.com/gemalto/helm-spray/v4/pkg/kubectl/kubectl.go:89.11,95.17 6 0
github.com/gemalto/helm-spray/v4/pkg/kubectl/kubectl.go:95.17,99.4 1 0
github.com/gemalto/helm-spray/v4/pkg/kubectl/kubectl.go:99.9,101.4 1 0
github.com/gemalto/helm-spray/v4/pkg/kubectl/kubectl.go:103.2,104.11 2 0
github.com/gemalto/helm-spray/v4/pkg/kubectl/kubectl.go:104.11,106.3 1 0
github.com/gemalto/helm-spray/v4/pkg/kubectl/kubectl.go:107.2,110.16 4 0
github.com/gemalto/helm-spray/v4/pkg/kubectl/kubectl.go:110.16,113.3 1 0
github.com/gemalto/helm-spray/v4/pkg/kubectl/kubectl.go:114.2,115.11 2 0
github.com/gemalto/helm-spray/v4/pkg/kubectl/kubectl.go:115.11,117.3 1 0
github.com/gemalto/helm-spray/v4/pkg/kubectl/kubectl.go:118.2,118.24 1 0
github.com/gemalto/helm-spray/v4/pkg/kubectl/kubectl.go:118.24,120.3 1 0
github.com/gemalto/helm-spray/v4/pkg/kubectl/kubectl.go:121.2,121.18 1 0
github.com/gemalto/helm-spray/v4/pkg/kubectl/kubectl.go:124.59,128.21 4 0
github.com/gemalto/helm-spray/v4/pkg/kubectl/kubectl.go:128.21,132.3 3 0
github.com/gemalto/helm-spray/v4/pkg/kubectl/kubectl.go:132.8,134.32 2 0
github.com/gemalto/helm-spray/v4/pkg/kubectl/kubectl.go:134.32,140.4 5 0
github.com/gemalto/helm-spray/v4/pkg/kubectl/kubectl.go:142.2,146.20 5 0
github.com/gemalto/helm-spray/v4/pkg/util/util.go:8.39,11.33 3 0
github.com/gemalto/helm-spray/v4/pkg/util/util.go:11.33,13.3 1 0
github.com/gemalto/helm-spray/v4/pkg/util/util.go:14.2,14.33 1 0
github.com/gemalto/helm-spray/v4/pkg/util/util.go:14.33,16.3 1 0
github.com/gemalto/helm-spray/v4/pkg/util/util.go:17.2,17.10 1 0
github.com/gemalto/helm-spray/v4/main.go:8.13,10.42 2 0
github.com/gemalto/helm-spray/v4/main.go:10.42,12.3 1 0
github.com/gemalto/helm-spray/v4/cmd/root.go:75.34,84.55 2 0
github.com/gemalto/helm-spray/v4/cmd/root.go:84.55,86.4 1 0
github.com/gemalto/helm-spray/v4/cmd/root.go:89.2,110.12 20 0
github.com/gemalto/helm-spray/v4/cmd/root.go:114.51,115.43 1 0
github.com/gemalto/helm-spray/v4/cmd/root.go:115.43,117.3 1 0
github.com/gemalto/helm-spray/v4/cmd/root.go:118.2,120.47 2 0
github.com/gemalto/helm-spray/v4/cmd/root.go:120.47,122.3 1 0
github.com/gemalto/helm-spray/v4/cmd/root.go:124.2,124.69 1 0
github.com/gemalto/helm-spray/v4/cmd/root.go:124.69,126.3 1 0
github.com/gemalto/helm-spray/v4/cmd/root.go:128.2,128.47 1 0
github.com/gemalto/helm-spray/v4/cmd/root.go:128.47,130.3 1 0
github.com/gemalto/helm-spray/v4/cmd/root.go:132.2,132.40 1 0
github.com/gemalto/helm-spray/v4/cmd/root.go:132.40,134.3 1 0
github.com/gemalto/helm-spray/v4/cmd/root.go:136.2,136.18 1 0
github.com/gemalto/helm-spray/v4/cmd/root.go:139.40,140.20 1 0
github.com/gemalto/helm-spray/v4/cmd/root.go:140.20,142.3 1 0
github.com/gemalto/helm-spray/v4/cmd/root.go:142.8,142.26 1 0
github.com/gemalto/helm-spray/v4/cmd/root.go:142.26,144.3 1 0
github.com/gemalto/helm-spray/v4/cmd/root.go:145.2,145.12 1 0
github.com/gemalto/helm-spray/v4/cmd/root.go:148.52,149.26 1 0
github.com/gemalto/helm-spray/v4/cmd/root.go:149.26,151.3 1 0
github.com/gemalto/helm-spray/v4/cmd/root.go:152.2,152.43 1 0
github.com/gemalto/helm-spray/v4/cmd/root.go:152.43,154.3 1 0
github.com/gemalto/helm-spray/v4/cmd/root.go:155.2,155.48 1 0
github.com/gemalto/helm-spray/v4/cmd/root.go:155.48,157.3 1 0
github.com/gemalto/helm-spray/v4/cmd/root.go:158.2,158.93 1 0
github.com/gemalto/helm-spray/v4/cmd/root.go:158.93,160.3 1 0
github.com/gemalto/helm-spray/v4/cmd/root.go:161.2,161.12 1 0
github.com/gemalto/helm-spray/v4/cmd/root.go:165.45,167.137 1 0
github.com/gemalto/helm-spray/v4/cmd/root.go:167.137,168.27 1 0
github.com/gemalto/helm-spray/v4/cmd/root.go:168.27,170.4 1 0
github.com/gemalto/helm-spray/v4/cmd/root.go:170.9,172.4 1 0
github.com/gemalto/helm-spray/v4/cmd/root.go:173.3,174.17 2 0
github.com/gemalto/helm-spray/v4/cmd/root.go:174.17,176.4 1 0
github.com/gemalto/helm-spray/v4/cmd/root.go:177.3,177.33 1 0
github.com/gemalto/helm-spray/v4/cmd/root.go:178.8,178.55 1 0
github.com/gemalto/helm-spray/v4/cmd/root.go:178.55,180.27 1 0
github.com/gemalto/helm-spray/v4/cmd/root.go:180.27,182.4 1 0
github.com/gemalto/helm-spray/v4/cmd/root.go:182.9,184.4 1 0
github.com/gemalto/helm-spray/v4/cmd/root.go:185.3,186.17 2 0
github.com/gemalto/helm-spray/v4/cmd/root.go:186.17,188.4 1 0
github.com/gemalto/helm-spray/v4/cmd/root.go:189.3,189.33 1 0
github.com/gemalto/helm-spray/v4/cmd/root.go:190.8,192.3 1 0
github.com/gemalto/helm-spray/v4/cmd/root.go:193.2,193.12 1 0
github.com/gemalto/helm-spray/v4/cmd/root.go:197.39,200.100 2 0
github.com/gemalto/helm-spray/v4/cmd/root.go:200.100,202.3 1 0
github.com/gemalto/helm-spray/v4/cmd/root.go:203.2,203.13 1 0
github.com/gemalto/helm-spray/v4/cmd/root.go:203.13,205.3 1 0
github.com/gemalto/helm-spray/v4/cmd/root.go:208.2,209.24 2 0
github.com/gemalto/helm-spray/v4/cmd/root.go:209.24,211.3 1 0
github.com/gemalto/helm-spray/v4/cmd/root.go:211.8,213.3 1 0
github.com/gemalto/helm-spray/v4/internal/dependencies/dependencies.go:25.151,31.50 3 0
github.com/gemalto/helm-spray/v4/internal/dependencies/dependencies.go:31.50,35.22 3 0
github.com/gemalto/helm-spray/v4/internal/dependencies/dependencies.go:35.22,37.4 1 0
github.com/gemalto/helm-spray/v4/internal/dependencies/dependencies.go:37.9,39.4 1 0
github.com/gemalto/helm-spray/v4/internal/dependencies/dependencies.go:41.3,45.17 4 0
github.com/gemalto/helm-spray/v4/internal/dependencies/dependencies.go:45.17,47.4 1 0
github.com/gemalto/helm-spray/v4/internal/dependencies/dependencies.go:48.3,52.49 3 0
github.com/gemalto/helm-spray/v4/internal/dependencies/dependencies.go:52.49,53.54 1 0
github.com/gemalto/helm-spray/v4/internal/dependencies/dependencies.go:53.54,55.10 2 0
github.com/gemalto/helm-spray/v4/internal/dependencies/dependencies.go:59.2,59.26 1 0
github.com/gemalto/helm-spray/v4/internal/dependencies/dependencies.go:65.81,66.22 1 0
github.com/gemalto/helm-spray/v4/internal/dependencies/dependencies.go:66.22,67.26 1 0
github.com/gemalto/helm-spray/v4/internal/dependencies/dependencies.go:67.26,68.30 1 0
github.com/gemalto/helm-spray/v4/internal/dependencies/dependencies.go:68.30,70.5 1 0
github.com/gemalto/helm-spray/v4/internal/dependencies/dependencies.go:72.3,72.15 1 0
github.com/gemalto/helm-spray/v4/internal/dependencies/dependencies.go:74.2,74.23 1 0
github.com/gemalto/helm-spray/v4/internal/dependencies/dependencies.go:74.23,75.27 1 0
github.com/gemalto/helm-spray/v4/internal/dependencies/dependencies.go:75.27,76.31 1 0
github.com/gemalto/helm-spray/v4/internal/dependencies/dependencies.go:76.31,78.5 1 0
github.com/gemalto/helm-spray/v4/internal/dependencies/dependencies.go:80.3,80.14 1 0
github.com/gemalto/helm-spray/v4/internal/dependencies/dependencies.go:82.2,82.13 1 0
github.com/gemalto/helm-spray/v4/internal/dependencies/dependencies.go:86.111,87.23 1 0
github.com/gemalto/helm-spray/v4/internal/dependencies/dependencies.go:87.23,89.3 1 0
github.com/gemalto/helm-spray/v4/internal/dependencies/dependencies.go:90.2,90.30 1 0
github.com/gemalto/helm-spray/v4/internal/dependencies/dependencies.go:90.30,91.34 1 0
github.com/gemalto/helm-spray/v4/internal/dependencies/dependencies.go:91.34,92.29 1 0
github.com/gemalto/helm-spray/v4/internal/dependencies/dependencies.go:92.29,94.5 1 0
github.com/gemalto/helm-spray/v4/internal/dependencies/dependencies.go:97.2,97.20 1 0
github.com/gemalto/helm-spray/v4/internal/dependencies/dependencies.go:101.76,103.16 2 0
github.com/gemalto/helm-spray/v4/internal/dependencies/dependencies.go:103.16,105.3 1 0
github.com/gemalto/helm-spray/v4/internal/dependencies/dependencies.go:107.2,109.58 2 0
github.com/gemalto/helm-spray/v4/internal/dependencies/dependencies.go:109.58,111.17 2 0
github.com/gemalto/helm-spray/v4/internal/dependencies/dependencies.go:111.17,113.4 1 0
github.com/gemalto/helm-spray/v4/internal/dependencies/dependencies.go:114.3,114.25 1 0
github.com/gemalto/helm-spray/v4/internal/dependencies/dependencies.go:116.8,116.61 1 0
github.com/gemalto/helm-spray/v4/internal/dependencies/dependencies.go:116.61,119.3 1 0
github.com/gemalto/helm-spray/v4/internal/dependencies/dependencies.go:119.8,121.3 1 0
github.com/gemalto/helm-spray/v4/internal/dependencies/dependencies.go:123.2,123.23 1 0
github.com/gemalto/helm-spray/v4/internal/dependencies/dependencies.go:123.23,125.3 1 0
github.com/gemalto/helm-spray/v4/internal/dependencies/dependencies.go:126.2,126.27 1 0
github.com/gemalto/helm-spray/v4/internal/dependencies/dependencies.go:129.74,132.13 1 0
github.com/gemalto/helm-spray/v4/internal/dependencies/dependencies.go:132.13,134.3 1 0
github.com/gemalto/helm-spray/v4/internal/dependencies/dependencies.go:135.2,137.16 3 0
github.com/gemalto/helm-spray/v4/internal/dependencies/dependencies.go:137.16,139.3 1 0
github.com/gemalto/helm-spray/v4/internal/dependencies/dependencies.go:140.2,140.13 1 0
github.com/gemalto/helm-spray/v4/internal/dependencies/dependencies.go:140.13,141.34 1 0
github.com/gemalto/helm-spray/v4/internal/dependencies/dependencies.go:141.34,143.4 1 0
github.com/gemalto/helm-spray/v4/internal/dependencies/dependencies.go:145.2,145.21 1 0
github.com/gemalto/helm-spray/v4/internal/log/log.go:12.57,15.16 2 0
github.com/gemalto/helm-spray/v4/internal/log/log.go:15.16,17.3 1 0
github.com/gemalto/helm-spray/v4/internal/log/log.go:17.8,17.23 1 0
github.com/gemalto/helm-spray/v4/internal/log/log.go:17.23,19.3 1 0
github.com/gemalto/helm-spray/v4/internal/log/log.go:19.8,19.23 1 0
github.com/gemalto/helm-spray/v4/internal/log/log.go:19.23,21.3 1 0
github.com/gemalto/helm-spray/v4/internal/log/log.go:21.8,21.23 1 0
github.com/gemalto/helm-spray/v4/internal/log/log.go:21.23,23.3 1 0
github.com/gemalto/helm-spray/v4/internal/log/log.go:25.2,25.22 1 0
github.com/gemalto/helm-spray/v4/internal/log/log.go:25.22,27.3 1 0
github.com/gemalto/helm-spray/v4/internal/log/log.go:27.8,29.3 1 0
github.com/gemalto/helm-spray/v4/internal/log/log.go:32.70,35.51 2 0
github.com/gemalto/helm-spray/v4/internal/log/log.go:35.51,37.3 1 0
github.com/gemalto/helm-spray/v4/internal/log/log.go:40.2,41.25 2 0
github.com/gemalto/helm-spray/v4/internal/log/log.go:41.25,44.3 2 0
github.com/gemalto/helm-spray/v4/internal/log/log.go:45.2,50.21 4 0
github.com/gemalto/helm-spray/v4/internal/log/log.go:50.21,53.3 2 0
github.com/gemalto/helm-spray/v4/internal/log/log.go:57.47,58.22 1 0
github.com/gemalto/helm-spray/v4/internal/log/log.go:58.22,60.3 1 0
github.com/gemalto/helm-spray/v4/internal/log/log.go:60.8,62.3 1 0
github.com/gemalto/helm-spray/v4/internal/values/values.go:20.125,27.26 4 0
github.com/gemalto/helm-spray/v4/internal/values/values.go:27.26,29.17 2 0
github.com/gemalto/helm-spray/v4/internal/values/values.go:29.17,31.4 1 0
github.com/gemalto/helm-spray/v4/internal/values/values.go:32.3,33.17 2 0
github.com/gemalto/helm-spray/v4/internal/values/values.go:33.17,35.4 1 0
github.com/gemalto/helm-spray/v4/internal/values/values.go:37.3,38.17 2 0
github.com/gemalto/helm-spray/v4/internal/values/values.go:38.17,39.15 1 0
github.com/gemalto/helm-spray/v4/internal/values/values.go:39.15,41.5 1 0
github.com/gemalto/helm-spray/v4/internal/values/values.go:42.4,42.85 1 0
github.com/gemalto/helm-spray/v4/internal/values/values.go:44.8,46.17 2 0
github.com/gemalto/helm-spray/v4/internal/values/values.go:46.17,48.4 1 0
github.com/gemalto/helm-spray/v4/internal/values/values.go:51.2,52.16 2 0
github.com/gemalto/helm-spray/v4/internal/values/values.go:52.16,54.3 1 0
github.com/gemalto/helm-spray/v4/internal/values/values.go:56.2,56.80 1 0
github.com/gemalto/helm-spray/v4/internal/values/values.go:71.83,81.30 3 0
github.com/gemalto/helm-spray/v4/internal/values/values.go:81.30,82.41 1 0
github.com/gemalto/helm-spray/v4/internal/values/values.go:82.41,84.4 1 0
github.com/gemalto/helm-spray/v4/internal/values/values.go:87.2,87.13 1 0
github.com/gemalto/helm-spray/v4/internal/values/values.go:87.13,89.3 1 0
github.com/gemalto/helm-spray/v4/internal/values/values.go:91.2,91.92 1 0
github.com/gemalto/helm-spray/v4/internal/values/values.go:91.92,96.17 4 0
github.com/gemalto/helm-spray/v4/internal/values/values.go:96.17,98.4 1 0
github.com/gemalto/helm-spray/v4/internal/values/values.go:101.2,101.25 1 0
github.com/gemalto/helm-spray/v4/internal/values/values.go:106.151,107.6 1 0
github.com/gemalto/helm-spray/v4/internal/values/values.go:107.6,109.22 2 0
github.com/gemalto/helm-spray/v4/internal/values/values.go:109.22,110.9 1 0
github.com/gemalto/helm-spray/v4/internal/values/values.go:113.3,117.33 3 0
github.com/gemalto/helm-spray/v4/internal/values/values.go:117.33,119.72 1 0
github.com/gemalto/helm-spray/v4/internal/values/values.go:119.72,120.13 1 0
github.com/gemalto/helm-spray/v4/internal/values/values.go:122.4,122.15 1 0
github.com/gemalto/helm-spray/v4/internal/values/values.go:122.15,124.5 1 0
github.com/gemalto/helm-spray/v4/internal/values/values.go:126.4,127.18 2 0
github.com/gemalto/helm-spray/v4/internal/values/values.go:127.18,129.5 1 0
github.com/gemalto/helm-spray/v4/internal/values/values.go:131.4,132.18 2 0
github.com/gemalto/helm-spray/v4/internal/values/values.go:132.18,134.5 1 0
github.com/gemalto/helm-spray/v4/internal/values/values.go:135.4,135.19 1 0
github.com/gemalto/helm-spray/v4/internal/values/values.go:138.3,138.16 1 0
github.com/gemalto/helm-spray/v4/internal/values/values.go:138.16,140.4 1 0
github.com/gemalto/helm-spray/v4/internal/values/values.go:142.2,142.25 1 0
github.com/gemalto/helm-spray/v4/internal/values/values.go:146.121,147.27 1 0
github.com/gemalto/helm-spray/v4/internal/values/values.go:147.27,152.3 4 0
github.com/gemalto/helm-spray/v4/internal/values/values.go:152.8,152.34 1 0
github.com/gemalto/helm-spray/v4/internal/values/values.go:152.34,157.3 4 0
github.com/gemalto/helm-spray/v4/internal/values/values.go:158.2,158.57 1 0
github.com/gemalto/helm-spray/v4/internal/values/values.go:162.72,163.24 1 0
github.com/gemalto/helm-spray/v4/internal/values/values.go:163.24,164.19 1 0
github.com/gemalto/helm-spray/v4/internal/values/values.go:164.19,166.4 1 0
github.com/gemalto/helm-spray/v4/internal/values/values.go:166.9,168.4 1 0
github.com/gemalto/helm-spray/v4/internal/values/values.go:169.8,170.19 1 0
github.com/gemalto/helm-spray/v4/internal/values/values.go:170.19,172.4 1 0
github.com/gemalto/helm-spray/v4/internal/values/values.go:172.9,174.4 1 0
github.com/gemalto/helm-spray/v4/internal/values/values.go:180.96,182.24 2 0
github.com/gemalto/helm-spray/v4/internal/values/values.go:182.24,184.3 1 0
github.com/gemalto/helm-spray/v4/internal/values/values.go:186.2,187.16 2 0
github.com/gemalto/helm-spray/v4/internal/values/values.go:187.16,189.3 1 0
github.com/gemalto/helm-spray/v4/internal/values/values.go:192.2,193.21 2 0
github.com/gemalto/helm-spray/v4/internal/values/values.go:193.21,195.17 2 0
github.com/gemalto/helm-spray/v4/internal/values/values.go:195.17,197.4 1 0
github.com/gemalto/helm-spray/v4/internal/values/values.go:198.3,198.23 1 0
github.com/gemalto/helm-spray/v4/internal/values/values.go:202.2,202.60 1 0
github.com/gemalto/helm-spray/v4/internal/values/values.go:202.60,203.32 1 0
github.com/gemalto/helm-spray/v4/internal/values/values.go:203.32,205.4 1 0
github.com/gemalto/helm-spray/v4/internal/values/values.go:206.3,206.130 1 0
github.com/gemalto/helm-spray/v4/internal/values/values.go:208.2,208.129 1 0
github.com/gemalto/helm-spray/v4/internal/values/values.go:212.85,213.18 1 0
github.com/gemalto/helm-spray/v4/internal/values/values.go:213.18,215.3 1 0
github.com/gemalto/helm-spray/v4/internal/values/values.go:216.2,217.16 2 0
github.com/gemalto/helm-spray/v4/internal/values/values.go:217.16,219.3 1 0
github.com/gemalto/helm-spray/v4/internal/values/values.go:220.2,221.109 2 0
github.com/gemalto/helm-spray/v4/internal/values/values.go:224.68,226.22 2 0
github.com/gemalto/helm-spray/v4/internal/values/values.go:226.22,228.3 1 0
github.com/gemalto/helm-spray/v4/internal/values/values.go:229.2,229.22 1 0
github.com/gemalto/helm-spray/v4/internal/values/values.go:229.22,230.46 1 0
github.com/gemalto/helm-spray/v4/internal/values/values.go:230.46,231.28 1 0
github.com/gemalto/helm-spray/v4/internal/values/values.go:231.28,232.50 1 0
github.com/gemalto/helm-spray/v4/internal/values/values.go:232.50,234.14 2 0
github.com/gemalto/helm-spray/v4/internal/values/values.go:238.3,238.13 1 0
github.com/gemalto/helm-spray/v4/internal/values/values.go:240.2,240.12 1 0
github.com/gemalto/helm-spray/v4/pkg/helm/helm.go:48.80,53.11 2 0
github.com/gemalto/helm-spray/v4/pkg/helm/helm.go:53.11,55.3 1 0
github.com/gemalto/helm-spray/v4/pkg/helm/helm.go:56.2,62.11 7 0
github.com/gemalto/helm-spray/v4/pkg/helm/helm.go:62.11,64.3 1 0
[...]
github.com/gemalto/helm-spray/v4/internal/values/values.go:170.19,172.4 1 0
github.com/gemalto/helm-spray/v4/internal/values/values.go:172.9,174.4 1 0
github.com/gemalto/helm-spray/v4/internal/values/values.go:180.96,182.24 2 0
github.com/gemalto/helm-spray/v4/internal/values/values.go:182.24,184.3 1 0
github.com/gemalto/helm-spray/v4/internal/values/values.go:186.2,187.16 2 0
github.com/gemalto/helm-spray/v4/internal/values/values.go:187.16,189.3 1 0
github.com/gemalto/helm-spray/v4/internal/values/values.go:192.2,193.21 2 0
github.com/gemalto/helm-spray/v4/internal/values/values.go:193.21,195.17 2 0
github.com/gemalto/helm-spray/v4/internal/values/values.go:195.17,197.4 1 0
github.com/gemalto/helm-spray/v4/internal/values/values.go:198.3,198.23 1 0
github.com/gemalto/helm-spray/v4/internal/values/values.go:202.2,202.60 1 0
github.com/gemalto/helm-spray/v4/internal/values/values.go:202.60,203.32 1 0
github.com/gemalto/helm-spray/v4/internal/values/values.go:203.32,205.4 1 0
github.com/gemalto/helm-spray/v4/internal/values/values.go:206.3,206.130 1 0
github.com/gemalto/helm-spray/v4/internal/values/values.go:208.2,208.129 1 0
github.com/gemalto/helm-spray/v4/internal/values/values.go:212.85,213.18 1 0
github.com/gemalto/helm-spray/v4/internal/values/values.go:213.18,215.3 1 0
github.com/gemalto/helm-spray/v4/internal/values/values.go:216.2,217.16 2 0
github.com/gemalto/helm-spray/v4/internal/values/values.go:217.16,219.3 1 0
github.com/gemalto/helm-spray/v4/internal/values/values.go:220.2,221.109 2 0
github.com/gemalto/helm-spray/v4/internal/values/values.go:224.68,226.22 2 1
github.com/gemalto/helm-spray/v4/internal/values/values.go:226.22,228.3 1 1
github.com/gemalto/helm-spray/v4/internal/values/values.go:229.2,229.22 1 1
github.com/gemalto/helm-spray/v4/internal/values/values.go:229.22,230.46 1 1
github.com/gemalto/helm-spray/v4/internal/values/values.go:230.46,231.28 1 0
github.com/gemalto/helm-spray/v4/internal/values/values.go:231.28,232.50 1 0
github.com/gemalto/helm-spray/v4/internal/values/values.go:232.50,234.14 2 0
github.com/gemalto/helm-spray/v4/internal/values/values.go:238.3,238.13 1 1
github.com/gemalto/helm-spray/v4/internal/values/values.go:240.2,240.12 1 1
github.com/gemalto/helm-spray/v4/pkg/helm/helm.go:48.80,53.11 2 1
github.com/gemalto/helm-spray/v4/pkg/helm/helm.go:53.11,55.3 1 1
github.com/gemalto/helm-spray/v4/pkg/helm/helm.go:56.2,62.11 7 1
github.com/gemalto/helm-spray/v4/pkg/helm/helm.go:62.11,64.3 1 1
github.com/gemalto/helm-spray/v4/pkg/helm/helm.go:65.2,65.16 1 1
github.com/gemalto/helm-spray/v4/pkg/helm/helm.go:65.16,67.3 1 1
github.com/gemalto/helm-spray/v4/pkg/helm/helm.go:69.2,71.16 3 1
github.com/gemalto/helm-spray/v4/pkg/helm/helm.go:71.16,73.3 1 0
github.com/gemalto/helm-spray/v4/pkg/helm/helm.go:76.2,77.29 2 1
github.com/gemalto/helm-spray/v4/pkg/helm/helm.go:77.29,79.3 1 1
github.com/gemalto/helm-spray/v4/pkg/helm/helm.go:80.2,80.25 1 1
github.com/gemalto/helm-spray/v4/pkg/helm/helm.go:103.70,106.35 2 1
github.com/gemalto/helm-spray/v4/pkg/helm/helm.go:106.35,109.3 2 1
github.com/gemalto/helm-spray/v4/pkg/helm/helm.go:110.2,110.41 1 1
github.com/gemalto/helm-spray/v4/pkg/helm/helm.go:110.41,113.3 2 0
github.com/gemalto/helm-spray/v4/pkg/helm/helm.go:114.2,114.39 1 1
github.com/gemalto/helm-spray/v4/pkg/helm/helm.go:114.39,117.3 2 0
github.com/gemalto/helm-spray/v4/pkg/helm/helm.go:118.2,118.36 1 1
github.com/gemalto/helm-spray/v4/pkg/helm/helm.go:118.36,121.3 2 1
github.com/gemalto/helm-spray/v4/pkg/helm/helm.go:122.2,122.22 1 1
github.com/gemalto/helm-spray/v4/pkg/helm/helm.go:122.22,124.3 1 0
github.com/gemalto/helm-spray/v4/pkg/helm/helm.go:125.2,125.22 1 1
github.com/gemalto/helm-spray/v4/pkg/helm/helm.go:125.22,127.3 1 0
github.com/gemalto/helm-spray/v4/pkg/helm/helm.go:128.2,128.16 1 1
github.com/gemalto/helm-spray/v4/pkg/helm/helm.go:128.16,130.3 1 0
github.com/gemalto/helm-spray/v4/pkg/helm/helm.go:131.2,131.17 1 1
github.com/gemalto/helm-spray/v4/pkg/helm/helm.go:131.17,133.3 1 1
github.com/gemalto/helm-spray/v4/pkg/helm/helm.go:134.2,134.26 1 1
github.com/gemalto/helm-spray/v4/pkg/helm/helm.go:134.26,136.3 1 0
github.com/gemalto/helm-spray/v4/pkg/helm/helm.go:139.2,139.16 1 1
github.com/gemalto/helm-spray/v4/pkg/helm/helm.go:139.16,141.3 1 1
github.com/gemalto/helm-spray/v4/pkg/helm/helm.go:142.2,148.16 7 1
github.com/gemalto/helm-spray/v4/pkg/helm/helm.go:148.16,150.3 1 1
github.com/gemalto/helm-spray/v4/pkg/helm/helm.go:151.2,151.16 1 1
github.com/gemalto/helm-spray/v4/pkg/helm/helm.go:151.16,153.3 1 0
github.com/gemalto/helm-spray/v4/pkg/helm/helm.go:155.2,157.16 3 1
github.com/gemalto/helm-spray/v4/pkg/helm/helm.go:157.16,159.3 1 0
github.com/gemalto/helm-spray/v4/pkg/helm/helm.go:161.2,161.29 1 1
github.com/gemalto/helm-spray/v4/pkg/helm/helm.go:165.58,167.16 2 0
github.com/gemalto/helm-spray/v4/pkg/helm/helm.go:167.16,169.3 1 0
github.com/gemalto/helm-spray/v4/pkg/helm/helm.go:170.2,175.19 4 0
github.com/gemalto/helm-spray/v4/pkg/helm/helm.go:175.19,177.3 1 0
github.com/gemalto/helm-spray/v4/pkg/helm/helm.go:178.2,181.34 4 0
github.com/gemalto/helm-spray/v4/pkg/helm/helm.go:181.34,183.3 1 0
github.com/gemalto/helm-spray/v4/pkg/helm/helm.go:185.2,187.31 3 0
github.com/gemalto/helm-spray/v4/pkg/helm/helm.go:187.31,191.3 3 0
github.com/gemalto/helm-spray/v4/pkg/helm/helm.go:191.8,195.3 3 0
github.com/gemalto/helm-spray/v4/pkg/helm/helm.go:196.2,199.34 4 0
github.com/gemalto/helm-spray/v4/pkg/helm/helm.go:199.34,201.3 1 0
github.com/gemalto/helm-spray/v4/pkg/helm/helm.go:203.2,206.23 4 0
github.com/gemalto/helm-spray/v4/pkg/helm/helm.go:209.36,210.46 1 0
github.com/gemalto/helm-spray/v4/pkg/helm/helm.go:210.46,212.3 1 0
github.com/gemalto/helm-spray/v4/pkg/helmspray/helmspray.go:49.31,51.13 1 1
github.com/gemalto/helm-spray/v4/pkg/helmspray/helmspray.go:51.13,53.3 1 1
github.com/gemalto/helm-spray/v4/pkg/helmspray/helmspray.go:55.2,59.16 3 1
github.com/gemalto/helm-spray/v4/pkg/helmspray/helmspray.go:59.16,61.3 1 1
github.com/gemalto/helm-spray/v4/pkg/helmspray/helmspray.go:63.2,64.16 2 1
github.com/gemalto/helm-spray/v4/pkg/helmspray/helmspray.go:64.16,66.3 1 0
github.com/gemalto/helm-spray/v4/pkg/helmspray/helmspray.go:67.2,67.41 1 1
github.com/gemalto/helm-spray/v4/pkg/helmspray/helmspray.go:67.41,71.17 2 1
github.com/gemalto/helm-spray/v4/pkg/helmspray/helmspray.go:71.17,73.4 1 0
github.com/gemalto/helm-spray/v4/pkg/helmspray/helmspray.go:74.3,74.18 1 1
github.com/gemalto/helm-spray/v4/pkg/helmspray/helmspray.go:77.2,79.16 3 1
github.com/gemalto/helm-spray/v4/pkg/helmspray/helmspray.go:79.16,81.3 1 0
github.com/gemalto/helm-spray/v4/pkg/helmspray/helmspray.go:84.2,84.28 1 1
github.com/gemalto/helm-spray/v4/pkg/helmspray/helmspray.go:84.28,86.3 1 1
github.com/gemalto/helm-spray/v4/pkg/helmspray/helmspray.go:86.8,88.3 1 1
github.com/gemalto/helm-spray/v4/pkg/helmspray/helmspray.go:90.2,91.16 2 1
github.com/gemalto/helm-spray/v4/pkg/helmspray/helmspray.go:91.16,93.3 1 1
github.com/gemalto/helm-spray/v4/pkg/helmspray/helmspray.go:95.2,95.15 1 1
github.com/gemalto/helm-spray/v4/pkg/helmspray/helmspray.go:95.15,97.3 1 1
github.com/gemalto/helm-spray/v4/pkg/helmspray/helmspray.go:99.2,100.16 2 1
github.com/gemalto/helm-spray/v4/pkg/helmspray/helmspray.go:100.16,102.3 1 0
github.com/gemalto/helm-spray/v4/pkg/helmspray/helmspray.go:104.2,104.56 1 1
github.com/gemalto/helm-spray/v4/pkg/helmspray/helmspray.go:104.56,106.3 1 1
github.com/gemalto/helm-spray/v4/pkg/helmspray/helmspray.go:108.2,110.12 2 1
github.com/gemalto/helm-spray/v4/pkg/helmspray/helmspray.go:116.88,118.16 2 1
github.com/gemalto/helm-spray/v4/pkg/helmspray/helmspray.go:118.16,120.3 1 0
github.com/gemalto/helm-spray/v4/pkg/helmspray/helmspray.go:121.2,122.16 2 1
github.com/gemalto/helm-spray/v4/pkg/helmspray/helmspray.go:122.16,125.3 2 0
github.com/gemalto/helm-spray/v4/pkg/helmspray/helmspray.go:126.2,126.20 1 1
github.com/gemalto/helm-spray/v4/pkg/helmspray/helmspray.go:126.20,129.3 2 1
github.com/gemalto/helm-spray/v4/pkg/helmspray/helmspray.go:130.2,130.77 1 1
github.com/gemalto/helm-spray/v4/pkg/helmspray/helmspray.go:130.77,133.3 2 0
github.com/gemalto/helm-spray/v4/pkg/helmspray/helmspray.go:134.2,134.40 1 1
github.com/gemalto/helm-spray/v4/pkg/helmspray/helmspray.go:134.40,137.3 2 0
github.com/gemalto/helm-spray/v4/pkg/helmspray/helmspray.go:138.2,140.21 3 1
github.com/gemalto/helm-spray/v4/pkg/helmspray/helmspray.go:143.47,144.59 1 1
github.com/gemalto/helm-spray/v4/pkg/helmspray/helmspray.go:144.59,146.3 1 1
github.com/gemalto/helm-spray/v4/pkg/helmspray/helmspray.go:146.8,146.38 1 1
github.com/gemalto/helm-spray/v4/pkg/helmspray/helmspray.go:146.38,148.3 1 1
github.com/gemalto/helm-spray/v4/pkg/helmspray/helmspray.go:149.2,149.11 1 1
github.com/gemalto/helm-spray/v4/pkg/helmspray/helmspray.go:153.104,154.40 1 1
github.com/gemalto/helm-spray/v4/pkg/helmspray/helmspray.go:154.40,156.17 2 1
github.com/gemalto/helm-spray/v4/pkg/helmspray/helmspray.go:156.17,158.4 1 1
github.com/gemalto/helm-spray/v4/pkg/helmspray/helmspray.go:160.3,160.30 1 1
github.com/gemalto/helm-spray/v4/pkg/helmspray/helmspray.go:160.30,161.34 1 1
github.com/gemalto/helm-spray/v4/pkg/helmspray/helmspray.go:161.34,163.5 1 0
github.com/gemalto/helm-spray/v4/pkg/helmspray/helmspray.go:166.2,166.12 1 1
github.com/gemalto/helm-spray/v4/pkg/helmspray/helmspray.go:169.124,173.34 3 1
github.com/gemalto/helm-spray/v4/pkg/helmspray/helmspray.go:173.34,174.57 1 1
github.com/gemalto/helm-spray/v4/pkg/helmspray/helmspray.go:174.57,175.12 1 0
github.com/gemalto/helm-spray/v4/pkg/helmspray/helmspray.go:177.3,177.41 1 1
github.com/gemalto/helm-spray/v4/pkg/helmspray/helmspray.go:177.41,178.12 1 0
github.com/gemalto/helm-spray/v4/pkg/helmspray/helmspray.go:180.3,180.20 1 1
github.com/gemalto/helm-spray/v4/pkg/helmspray/helmspray.go:180.20,186.4 5 1
github.com/gemalto/helm-spray/v4/pkg/helmspray/helmspray.go:188.3,189.73 2 1
github.com/gemalto/helm-spray/v4/pkg/helmspray/helmspray.go:189.73,191.4 1 1
github.com/gemalto/helm-spray/v4/pkg/helmspray/helmspray.go:193.2,193.24 1 1
github.com/gemalto/helm-spray/v4/pkg/helmspray/helmspray.go:197.143,198.70 1 1
github.com/gemalto/helm-spray/v4/pkg/helmspray/helmspray.go:198.70,201.3 2 1
github.com/gemalto/helm-spray/v4/pkg/helmspray/helmspray.go:201.8,203.3 1 1
github.com/gemalto/helm-spray/v4/pkg/helmspray/helmspray.go:206.2,228.16 5 1
github.com/gemalto/helm-spray/v4/pkg/helmspray/helmspray.go:228.16,230.3 1 0
github.com/gemalto/helm-spray/v4/pkg/helmspray/helmspray.go:232.2,234.15 2 1
github.com/gemalto/helm-spray/v4/pkg/helmspray/helmspray.go:234.15,236.3 1 1
github.com/gemalto/helm-spray/v4/pkg/helmspray/helmspray.go:237.2,237.63 1 1
github.com/gemalto/helm-spray/v4/pkg/helmspray/helmspray.go:237.63,239.3 1 1
github.com/gemalto/helm-spray/v4/pkg/helmspray/helmspray.go:241.2,243.15 2 1
github.com/gemalto/helm-spray/v4/pkg/helmspray/helmspray.go:243.15,245.3 1 1
github.com/gemalto/helm-spray/v4/pkg/helmspray/helmspray.go:246.2,246.12 1 1
github.com/gemalto/helm-spray/v4/pkg/helmspray/helmspray.go:250.99,252.27 2 1
github.com/gemalto/helm-spray/v4/pkg/helmspray/helmspray.go:252.27,253.42 1 1
github.com/gemalto/helm-spray/v4/pkg/helmspray/helmspray.go:253.42,255.4 1 1
github.com/gemalto/helm-spray/v4/pkg/helmspray/helmspray.go:255.9,257.4 1 1
github.com/gemalto/helm-spray/v4/pkg/helmspray/helmspray.go:259.2,259.21 1 1
github.com/gemalto/helm-spray/v4/pkg/helmspray/helmspray.go:264.60,266.54 2 1
github.com/gemalto/helm-spray/v4/pkg/helmspray/helmspray.go:266.54,268.34 2 1
github.com/gemalto/helm-spray/v4/pkg/helmspray/helmspray.go:268.34,270.4 1 1
github.com/gemalto/helm-spray/v4/pkg/helmspray/helmspray.go:271.3,272.9 2 1
github.com/gemalto/helm-spray/v4/pkg/helmspray/helmspray.go:272.9,274.4 1 1
github.com/gemalto/helm-spray/v4/pkg/helmspray/helmspray.go:275.3,276.9 2 1
github.com/gemalto/helm-spray/v4/pkg/helmspray/helmspray.go:276.9,278.4 1 0
github.com/gemalto/helm-spray/v4/pkg/helmspray/helmspray.go:279.3,280.9 2 1
github.com/gemalto/helm-spray/v4/pkg/helmspray/helmspray.go:280.9,282.4 1 0
github.com/gemalto/helm-spray/v4/pkg/helmspray/helmspray.go:284.2,284.21 1 1
github.com/gemalto/helm-spray/v4/pkg/helmspray/helmspray.go:288.61,289.27 1 1
github.com/gemalto/helm-spray/v4/pkg/helmspray/helmspray.go:289.27,291.14 2 1
github.com/gemalto/helm-spray/v4/pkg/helmspray/helmspray.go:291.14,293.4 1 1
github.com/gemalto/helm-spray/v4/pkg/helmspray/helmspray.go:295.2,295.28 1 1
github.com/gemalto/helm-spray/v4/pkg/helmspray/helmspray.go:295.28,297.3 1 1
github.com/gemalto/helm-spray/v4/pkg/helmspray/helmspray.go:298.2,298.29 1 1
github.com/gemalto/helm-spray/v4/pkg/helmspray/helmspray.go:298.29,300.3 1 1
github.com/gemalto/helm-spray/v4/pkg/helmspray/helmspray.go:301.2,301.21 1 1
github.com/gemalto/helm-spray/v4/pkg/helmspray/helmspray.go:301.21,303.3 1 1
github.com/gemalto/helm-spray/v4/pkg/helmspray/helmspray.go:306.30,315.29 6 1
github.com/gemalto/helm-spray/v4/pkg/helmspray/helmspray.go:315.29,318.17 3 1
github.com/gemalto/helm-spray/v4/pkg/helmspray/helmspray.go:318.17,320.4 1 0
github.com/gemalto/helm-spray/v4/pkg/helmspray/helmspray.go:321.3,322.17 2 1
github.com/gemalto/helm-spray/v4/pkg/helmspray/helmspray.go:322.17,324.4 1 0
github.com/gemalto/helm-spray/v4/pkg/helmspray/helmspray.go:325.3,326.17 2 1
github.com/gemalto/helm-spray/v4/pkg/helmspray/helmspray.go:326.17,328.4 1 0
github.com/gemalto/helm-spray/v4/pkg/helmspray/helmspray.go:329.3,329.54 1 1
github.com/gemalto/helm-spray/v4/pkg/helmspray/helmspray.go:329.54,330.9 1 1
github.com/gemalto/helm-spray/v4/pkg/helmspray/helmspray.go:332.3,333.20 2 0
github.com/gemalto/helm-spray/v4/pkg/helmspray/helmspray.go:336.2,336.56 1 1
github.com/gemalto/helm-spray/v4/pkg/helmspray/helmspray.go:336.56,338.3 1 0
github.com/gemalto/helm-spray/v4/pkg/helmspray/helmspray.go:340.2,340.12 1 1
github.com/gemalto/helm-spray/v4/pkg/helmspray/helmspray.go:345.133,346.29 1 1
github.com/gemalto/helm-spray/v4/pkg/helmspray/helmspray.go:346.29,348.3 1 1
github.com/gemalto/helm-spray/v4/pkg/helmspray/helmspray.go:349.2,349.15 1 1
github.com/gemalto/helm-spray/v4/pkg/helmspray/helmspray.go:349.15,351.3 1 1
github.com/gemalto/helm-spray/v4/pkg/helmspray/helmspray.go:352.2,353.16 2 1
github.com/gemalto/helm-spray/v4/pkg/helmspray/helmspray.go:353.16,355.3 1 0
github.com/gemalto/helm-spray/v4/pkg/helmspray/helmspray.go:356.2,356.19 1 1
github.com/gemalto/helm-spray/v4/pkg/helmspray/helmspray.go:360.56,361.19 1 1
github.com/gemalto/helm-spray/v4/pkg/helmspray/helmspray.go:361.19,363.3 1 1
github.com/gemalto/helm-spray/v4/pkg/helmspray/helmspray.go:364.2,364.33 1 1
github.com/gemalto/helm-spray/v4/pkg/helmspray/helmspray.go:364.33,365.25 1 1
github.com/gemalto/helm-spray/v4/pkg/helmspray/helmspray.go:365.25,367.4 1 1
github.com/gemalto/helm-spray/v4/pkg/helmspray/helmspray.go:369.2,369.10 1 1
github.com/gemalto/helm-spray/v4/pkg/helmspray/helmspray.go:372.105,374.22 1 1
github.com/gemalto/helm-spray/v4/pkg/helmspray/helmspray.go:374.22,376.3 1 1
github.com/gemalto/helm-spray/v4/pkg/helmspray/helmspray.go:376.8,376.30 1 1
github.com/gemalto/helm-spray/v4/pkg/helmspray/helmspray.go:376.30,378.3 1 1
github.com/gemalto/helm-spray/v4/pkg/helmspray/helmspray.go:379.2,379.12 1 1
github.com/gemalto/helm-spray/v4/pkg/helmspray/helmspray.go:383.87,384.23 1 1
github.com/gemalto/helm-spray/v4/pkg/helmspray/helmspray.go:384.23,386.35 2 1
github.com/gemalto/helm-spray/v4/pkg/helmspray/helmspray.go:386.35,387.39 1 1
github.com/gemalto/helm-spray/v4/pkg/helmspray/helmspray.go:387.39,389.10 2 1
github.com/gemalto/helm-spray/v4/pkg/helmspray/helmspray.go:392.3,392.13 1 1
github.com/gemalto/helm-spray/v4/pkg/helmspray/helmspray.go:392.13,394.4 1 1
github.com/gemalto/helm-spray/v4/pkg/helmspray/helmspray.go:396.2,396.12 1 1
github.com/gemalto/helm-spray/v4/pkg/helmspray/helmspray.go:399.83,404.34 4 1
github.com/gemalto/helm-spray/v4/pkg/helmspray/helmspray.go:404.34,407.71 3 1
github.com/gemalto/helm-spray/v4/pkg/helmspray/helmspray.go:407.71,410.4 2 1
github.com/gemalto/helm-spray/v4/pkg/helmspray/helmspray.go:412.3,414.29 3 1
github.com/gemalto/helm-spray/v4/pkg/helmspray/helmspray.go:414.29,417.4 2 1
github.com/gemalto/helm-spray/v4/pkg/helmspray/helmspray.go:419.3,420.86 2 1
github.com/gemalto/helm-spray/v4/pkg/helmspray/helmspray.go:420.86,422.4 1 1
github.com/gemalto/helm-spray/v4/pkg/helmspray/helmspray.go:422.9,422.94 1 1
github.com/gemalto/helm-spray/v4/pkg/helmspray/helmspray.go:422.94,424.4 1 1
github.com/gemalto/helm-spray/v4/pkg/helmspray/helmspray.go:426.3,426.200 1 1
github.com/gemalto/helm-spray/v4/pkg/helmspray/helmspray.go:428.2,428.15 1 1
github.com/gemalto/helm-spray/v4/pkg/helmspray/helmspray.go:431.36,432.46 1 1
github.com/gemalto/helm-spray/v4/pkg/helmspray/helmspray.go:432.46,434.3 1 1
github.com/gemalto/helm-spray/v4/pkg/helmspray/helmspray.go:437.38,438.44 1 1
github.com/gemalto/helm-spray/v4/pkg/helmspray/helmspray.go:438.44,440.3 1 1
github.com/gemalto/helm-spray/v4/pkg/kubectl/kubectl.go:30.57,32.2 1 0
github.com/gemalto/helm-spray/v4/pkg/kubectl/kubectl.go:34.58,36.2 1 0
github.com/gemalto/helm-spray/v4/pkg/kubectl/kubectl.go:38.50,40.2 1 0
github.com/gemalto/helm-spray/v4/pkg/kubectl/kubectl.go:42.86,44.2 1 0
github.com/gemalto/helm-spray/v4/pkg/kubectl/kubectl.go:46.87,48.2 1 0
github.com/gemalto/helm-spray/v4/pkg/kubectl/kubectl.go:50.79,51.29 1 0
github.com/gemalto/helm-spray/v4/pkg/kubectl/kubectl.go:51.29,55.17 4 0
github.com/gemalto/helm-spray/v4/pkg/kubectl/kubectl.go:55.17,58.4 1 0
github.com/gemalto/helm-spray/v4/pkg/kubectl/kubectl.go:59.3,60.12 2 0
github.com/gemalto/helm-spray/v4/pkg/kubectl/kubectl.go:60.12,62.4 1 0
github.com/gemalto/helm-spray/v4/pkg/kubectl/kubectl.go:63.3,64.20 2 0
github.com/gemalto/helm-spray/v4/pkg/kubectl/kubectl.go:64.20,65.13 1 0
github.com/gemalto/helm-spray/v4/pkg/kubectl/kubectl.go:65.13,67.5 1 0
github.com/gemalto/helm-spray/v4/pkg/kubectl/kubectl.go:68.4,68.21 1 0
github.com/gemalto/helm-spray/v4/pkg/kubectl/kubectl.go:71.2,71.18 1 0
github.com/gemalto/helm-spray/v4/pkg/kubectl/kubectl.go:74.77,78.16 4 0
github.com/gemalto/helm-spray/v4/pkg/kubectl/kubectl.go:78.16,81.3 1 0
github.com/gemalto/helm-spray/v4/pkg/kubectl/kubectl.go:82.2,82.48 1 0
github.com/gemalto/helm-spray/v4/pkg/kubectl/kubectl.go:85.106,86.21 1 0
github.com/gemalto/helm-spray/v4/pkg/kubectl/kubectl.go:86.21,88.3 1 0
github.com/gemalto/helm-spray/v4/pkg/kubectl/kubectl.go:89.2,89.11 1 0
github.com/gemalto/helm-spray/v4/pkg/kubectl/kubectl.go:89.11,95.17 6 0
github.com/gemalto/helm-spray/v4/pkg/kubectl/kubectl.go:95.17,99.4 1 0
github.com/gemalto/helm-spray/v4/pkg/kubectl/kubectl.go:99.9,101.4 1 0
github.com/gemalto/helm-spray/v4/pkg/kubectl/kubectl.go:103.2,104.11 2 0
github.com/gemalto/helm-spray/v4/pkg/kubectl/kubectl.go:104.11,106.3 1 0
github.com/gemalto/helm-spray/v4/pkg/kubectl/kubectl.go:107.2,110.16 4 0
github.com/gemalto/helm-spray/v4/pkg/kubectl/kubectl.go:110.16,113.3 1 0
github.com/gemalto/helm-spray/v4/pkg/kubectl/kubectl.go:114.2,115.11 2 0
github.com/gemalto/helm-spray/v4/pkg/kubectl/kubectl.go:115.11,117.3 1 0
github.com/gemalto/helm-spray/v4/pkg/kubectl/kubectl.go:118.2,118.24 1 0
github.com/gemalto/helm-spray/v4/pkg/kubectl/kubectl.go:118.24,120.3 1 0
github.com/gemalto/helm-spray/v4/pkg/kubectl/kubectl.go:121.2,121.18 1 0
github.com/gemalto/helm-spray/v4/pkg/kubectl/kubectl.go:124.59,128.21 4 0
github.com/gemalto/helm-spray/v4/pkg/kubectl/kubectl.go:128.21,132.3 3 0
github.com/gemalto/helm-spray/v4/pkg/kubectl/kubectl.go:132.8,134.32 2 0
github.com/gemalto/helm-spray/v4/pkg/kubectl/kubectl.go:134.32,140.4 5 0
github.com/gemalto/helm-spray/v4/pkg/kubectl/kubectl.go:142.2,146.20 5 0
github.com/gemalto/helm-spray/v4/pkg/util/util.go:8.39,11.33 3 1
github.com/gemalto/helm-spray/v4/pkg/util/util.go:11.33,13.3 1 0
github.com/gemalto/helm-spray/v4/pkg/util/util.go:14.2,14.33 1 1
github.com/gemalto/helm-spray/v4/pkg/util/util.go:14.33,16.3 1 0
github.com/gemalto/helm-spray/v4/pkg/util/util.go:17.2,17.10 1 1
